----system---- --total-cpu-usage-- -dsk/total- ------memory-usage----- ------tcp-sockets------- -net/total-
     time     |usr sys idl wai stl| read  writ| used  free  buff  cach|lis  act  syn  tim  clo | recv  send
23-07 07:32:15|  2   0  97   1   0| 487k  704k| 700M  745M  120M 2024M| 10    5    0   37    0 |   0     0 
23-07 07:32:16|  4   8  86   2   0|1240k 1776k| 705M  739M  120M 2024M| 10    7    0   37    0 |7251B 2470B
23-07 07:32:17|  8   4  75  14   0|1664k   11M| 713M  730M  120M 2025M| 10    7    0   37    0 |  11k 3937B
23-07 07:32:18| 36   7  34  23   0|  15M 4992k| 734M  697M  120M 2034M| 10    8    0   37    0 |  42k 3393B
23-07 07:32:19| 54  12  17  18   0| 103M 1472k| 767M  651M  120M 2048M| 12    9    0   37    0 |1831B 4121B
23-07 07:32:20| 35   3  49  13   0| 147M    0 | 841M  576M  120M 2048M| 12    9    0   37    0 |   0     0 
23-07 07:32:21| 23   2  50  25   0|  94M  288k| 888M  529M  120M 2048M| 12    9    0   37    0 |   0     0 
23-07 07:32:22| 21   3  54  22   0|  94M   16k| 936M  482M  120M 2048M| 12    7    0   39    0 | 450B  680B
23-07 07:32:23| 17   1  48  34   0|  27M  155M| 951M  466M  120M 2048M| 12    7    0   39    0 |  46B   54B
23-07 07:32:24| 26   2  54  18   0|  12M   22M| 965M  453M  120M 2048M| 12    6    0   39    0 | 447B  643B
23-07 07:32:25|  0   0  99   0   0|   0  6760k| 965M  453M  120M 2048M| 12    6    0   39    0 |   0    66B
23-07 07:32:26|  1   0  89  11   0|   0    14M| 965M  453M  120M 2048M| 12    6    0   39    0 |   0     0 
23-07 07:32:27|  0   0  90   9   0|   0    14M| 965M  453M  120M 2048M| 12    6    0   39    0 |   0     0 
23-07 07:32:28|  1   0  89  11   0|1088k   14M| 966M  451M  120M 2048M| 12    9    0   39    0 |  18k   29k
23-07 07:32:29|  9   2  57  32   0|  14M   14M| 973M  444M  120M 2048M| 12   10    0   39    0 |  47k  235k
23-07 07:32:30|  7   1  82  11   0|5984k  552k| 977M  441M  120M 2048M| 12   12    0   39    0 |  81k  208k
23-07 07:32:31|  2   1  97   1   0|   0   360k| 976M  441M  120M 2048M| 12   12    0   39    0 |  33k   33k
23-07 07:32:32|  0   0 100   0   0|   0   280k| 976M  441M  120M 2048M| 12   12    0   39    0 | 568B 1027B
23-07 07:32:33|  0   0  99   1   0|   0    96k| 976M  441M  120M 2048M| 12   12    0   39    0 |  46B   54B
23-07 07:32:34|  1   0  92   7   0|3456k   88k| 978M  439M  120M 2048M| 12   12    0   39    0 |5396B   65k
23-07 07:32:35| 22   5  38  36   0|  19M   14M|1024M  393M  120M 2048M| 12   20    0   39    0 | 110k  599k
23-07 07:32:36| 15   3  45  38   0|  22M  856k|1035M  382M  120M 2049M| 12   20    0   39    0 |  99k  432k
23-07 07:32:37| 10   4  80   5   0|2560k  792k|1036M  380M  120M 2049M| 12   20    0   39    0 | 211k  460k
23-07 07:32:38|  7   1  55  37   0|  18M  752k|1046M  370M  120M 2049M| 12   20    0   38    0 |  33k  323k
23-07 07:32:39| 11   1  53  34   0|  17M  112k|1055M  361M  120M 2049M| 12   20    0   38    0 |  49k  351k
23-07 07:32:40| 11   2  70  17   0|8832k  304k|1059M  357M  120M 2049M| 12   20    0   38    0 |  58k  416k
23-07 07:32:41| 19   3  50  27   0|  15M 1080k|1067M  349M  120M 2050M| 12   20    0   38    0 | 192k  565k
23-07 07:32:42|  6   2  55  37   0|  18M  336k|1076M  339M  120M 2050M| 12   20    0   38    0 |  29k  303k
23-07 07:32:43| 30   2  44  25   0|  13M  144k|1083M  333M  120M 2050M| 12   20    0   38    0 |  97k  955k
23-07 07:32:44|  8   1  74  17   0|8256k  384k|1086M  329M  120M 2050M| 12   20    0   38    0 |  47k  312k
23-07 07:32:45| 14   2  49  35   0|  17M 5480k|1095M  320M  120M 2050M| 12   20    0   38    0 | 139k  521k
23-07 07:32:46| 10   1  49  40   0|  19M 5080k|1105M  310M  120M 2050M| 12   20    0   38    0 |  22k  352k
23-07 07:32:47| 11   2  48  39   0|  20M 4168k|1115M  300M  120M 2050M| 12   20    0   38    0 |  38k  375k
23-07 07:32:48| 26   2  38  33   0|  19M 6216k|1125M  290M  120M 2050M| 12   20    0   38    0 | 133k  617k
23-07 07:32:49| 50   2  25  22   0|  17M 4896k|1133M  281M  120M 2051M| 12   20    0   38    0 | 190k  995k
23-07 07:32:50| 10   1  49  40   0|  21M 4696k|1144M  270M  120M 2051M| 12   20    0   38    0 |  12k  360k
23-07 07:32:51| 11   1  48  40   0|  20M 3424k|1153M  261M  120M 2051M| 12   20    0   38    0 |  26k  384k
23-07 07:32:52| 12   1  49  39   0|  19M 3408k|1163M  251M  120M 2051M| 12   20    0   38    0 |  36k  387k
23-07 07:32:53| 18   4  76   2   0|   0  3440k|1163M  250M  120M 2051M| 12   20    0   38    0 | 131k  608k
23-07 07:32:54| 28   3  67   2   0|   0    11M|1164M  250M  120M 2052M| 12   20    0   38    0 | 161k 1007k
23-07 07:32:55| 34   4  60   2   0|   0  2896k|1164M  249M  120M 2052M| 12   20    0   38    0 | 297k 1321k
23-07 07:32:56| 53   1  45   1   0|   0  2688k|1164M  249M  120M 2053M| 12   20    0   37    0 | 158k 1560k
23-07 07:32:57| 27   2  70   2   0|  32k 2368k|1164M  248M  120M 2053M| 12   20    0   37    0 |  58k  981k
23-07 07:32:58| 47   2  49   2   0|   0  2304k|1164M  248M  120M 2053M| 12   20    0   37    0 | 136k 1560k
23-07 07:32:59| 53   3  43   1   0|   0  3248k|1164M  248M  120M 2053M| 12   20    0   37    0 | 168k 1302k
23-07 07:33:00| 71   1  27   1   0|   0  2664k|1164M  247M  120M 2054M| 12   20    0   37    0 | 135k 1806k
23-07 07:33:01| 69   4  27   0   0|   0  2256k|1164M  247M  120M 2054M| 12   20    0   37    0 | 299k 1611k
23-07 07:33:02| 55   2  41   1   0|   0  2752k|1164M  246M  120M 2055M| 12   20    0   37    0 | 183k 1407k
23-07 07:33:03| 22   2  75   2   0|  32k 1824k|1164M  246M  120M 2055M| 12   20    0   37    0 | 113k  698k
23-07 07:33:04| 22   1  77   1   0|   0  1552k|1164M  246M  120M 2055M| 12   21    0   37    0 |  88k  783k
23-07 07:33:05| 30   3  66   1   0|   0  2016k|1164M  246M  120M 2055M| 12   23    0   37    0 | 135k  721k
23-07 07:33:06| 29   1  70   1   0|   0  1552k|1164M  245M  120M 2055M| 12   23    0   37    0 |  61k 1156k
23-07 07:33:07|  6   1  93   1   0|   0  1312k|1164M  245M  120M 2056M| 12   23    0   37    0 | 118k  206k
23-07 07:33:08|  6   2  91   2   0|   0  3824k|1164M  245M  120M 2056M| 12   23    0   37    0 |  90k  154k
23-07 07:33:09| 12   1  85   2   0|   0  3176k|1164M  245M  120M 2056M| 12   23    0   37    0 |  84k  428k
23-07 07:33:10| 11   3  85   1   0|   0   584k|1165M  244M  120M 2056M| 12   23    0   37    0 | 143k  428k
23-07 07:33:11|  5   1  93   2   0|   0  3560k|1165M  244M  120M 2056M| 12   23    0   37    0 | 101k  165k
23-07 07:33:12| 31   4  63   2   0|   0  2704k|1165M  243M  120M 2057M| 12   23    0   37    0 | 271k  839k
23-07 07:33:13| 53   5  40   2   0|   0  5640k|1165M  242M  120M 2058M| 12   27    0   37    0 | 384k 1787k
23-07 07:33:14| 68   1  30   1   0|   0  5472k|1165M  242M  120M 2058M| 12   27    0    4    0 |  98k 1791k
23-07 07:33:15| 67   4  29   0   1|   0  4504k|1166M  241M  120M 2058M| 12   27    0    4    0 | 174k 1822k
23-07 07:33:16| 19   2  76   4   0|   0  5304k|1166M  241M  120M 2059M| 12   27    0    2    0 | 115k  411k
23-07 07:33:17|  4   1  93   3   0|   0  4232k|1166M  240M  120M 2059M| 12   27    0    2    0 |  47k  108k
23-07 07:33:18| 28   5  64   3   0|   0  5136k|1166M  240M  120M 2059M| 12   27    0    2    0 | 258k  786k
23-07 07:33:19| 19   3  74   4   0|   0  6360k|1166M  239M  120M 2060M| 12   27    0    2    0 | 254k  587k
23-07 07:33:20|  4   1  92   4   0|  32k 5928k|1166M  239M  120M 2060M| 12   27    0    2    0 |  54k  107k
23-07 07:33:21| 38   3  59   1   0|   0  4528k|1166M  239M  120M 2060M| 12   27    0    2    0 | 163k 1234k
23-07 07:33:22|  2   0  95   3   0|   0  4928k|1166M  239M  120M 2060M| 12   27    0    2    0 |  38k   88k
23-07 07:33:23| 21   1  75   3   0|   0  4160k|1166M  239M  120M 2060M| 12   27    0    0    0 |  50k  890k
23-07 07:33:24| 26   1  71   3   0|   0    21M|1166M  238M  120M 2060M| 12   27    0    0    0 |  56k 1085k
23-07 07:33:25| 32   3  63   2   0|   0  3936k|1166M  238M  120M 2061M| 12   28    0    0    0 | 300k 1114k
23-07 07:33:26| 37   2  59   2   0|   0  5000k|1166M  238M  120M 2061M| 12   28    0    0    0 | 176k 1170k
23-07 07:33:27| 41   6  53   1   0|   0  1440k|1167M  236M  120M 2062M| 12   34    0    0    0 | 407k 1447k
23-07 07:33:28| 25   1  71   3   0|  32k 4936k|1167M  235M  120M 2062M| 12   34    0    0    0 | 162k  888k
23-07 07:33:29| 17   1  81   1   0|   0  1592k|1167M  235M  120M 2063M| 12   34    0    0    0 | 145k  567k
23-07 07:33:30| 47   1  50   2   0|  32k 5016k|1167M  235M  120M 2063M| 12   34    0    0    0 | 147k 1455k
23-07 07:33:31| 67   2  29   1   0|   0  3640k|1167M  235M  120M 2063M| 12   34    0    0    0 | 100k 2052k
23-07 07:33:32| 82   6  12   0   0|   0  1480k|1167M  234M  120M 2064M| 12   34    0    0    0 | 250k 1551k
23-07 07:33:33| 71   3  26   0   0|   0  2344k|1167M  234M  120M 2064M| 12   34    0    0    0 | 237k 1334k
23-07 07:33:34| 54   2  42   1   0|   0  4504k|1167M  233M  120M 2065M| 12   34    0    0    0 | 190k 1358k
