----system---- --total-cpu-usage-- -dsk/total- ------memory-usage----- ------tcp-sockets------- -net/total-
     time     |usr sys idl wai stl| read  writ| used  free  buff  cach|lis  act  syn  tim  clo | recv  send
23-07 04:18:58|  2   0  97   1   0| 806k  890k| 707M  583M  112M 2187M| 10    6    0    2    0 |   0     0 
23-07 04:18:59|  6   6  86   2   0| 192k 1696k| 708M  582M  113M 2187M| 10    8    0    2    0 |  11k 2241B
23-07 04:19:00| 32   9  42  18   0|  68M   10M| 752M  535M  113M 2187M| 10    9    0    2    0 |8663B 7565B
23-07 04:19:01| 78  11   3   9   0| 115M 5328k| 864M  419M  113M 2191M| 10    9    0    2    0 |   0     0 
23-07 04:19:02| 70   9  16   6   0| 124M   32k| 893M  378M  113M 2202M| 12    9    0    2    0 |  52B   66B
23-07 04:19:03| 24   2  52  23   0|  97M    0 | 929M  343M  113M 2202M| 12    9    0    2    0 |   0     0 
23-07 04:19:04| 20   2  55  24   0|  63M 1736k| 962M  308M  113M 2203M| 12    7    0    3    0 | 634B  938B
23-07 04:19:05|  0   0  90   9   0|   0    17M| 962M  308M  113M 2203M| 12    6    0    4    0 | 211B  385B
23-07 04:19:06|  0   0  98   2   0|   0    24M| 962M  308M  113M 2203M| 12    6    0    4    0 |   0     0 
23-07 04:19:07|  0   0  96   4   0|   0  6152k| 962M  308M  113M 2203M| 12    6    0    4    0 |  46B   54B
23-07 04:19:08|  0   0 100   0   0|   0   128k| 962M  308M  113M 2203M| 12    6    0    4    0 |   0     0 
23-07 04:19:09|  6   2  68  24   0|  10M 5368k| 969M  301M  113M 2203M| 12   10    0    4    0 |  37k  186k
23-07 04:19:10|  7   2  69  23   0|  12M  472k| 975M  295M  113M 2204M| 12   10    0    4    0 |  53k  224k
23-07 04:19:11|  3   2  95   0   0|   0   576k| 975M  295M  113M 2204M| 12   12    0    4    0 |  43k   44k
23-07 04:19:12|  1   0  99   0   0|   0   224k| 975M  295M  113M 2204M| 12   12    0    4    0 |8447B 6885B
23-07 04:19:13|  0   0  99   0   0|   0    48k| 975M  295M  113M 2204M| 12   12    0    4    0 | 568B 1027B
23-07 04:19:14|  0   1  99   0   0| 128k    0 | 975M  294M  113M 2204M| 12   12    0    4    0 |2505B   11k
23-07 04:19:15| 15   1  47  38   0|  17M   14M| 984M  284M  113M 2204M| 12   18    0    4    0 |  60k  417k
23-07 04:19:16| 18   1  41  39   0|  22M  680k| 996M  273M  113M 2205M| 12   18    0    4    0 |  94k  467k
23-07 04:19:17|  3   1  94   3   0|1216k  592k| 996M  272M  113M 2205M| 12   18    0    4    0 |  40k   50k
23-07 04:19:18| 10   2  53  33   0|  17M  664k|1005M  263M  113M 2205M| 12   18    0    4    0 |  72k  337k
23-07 04:19:19| 12   1  52  34   0|  17M  112k|1048M  219M  113M 2206M| 12   18    0    3    0 |  40k  326k
23-07 04:19:20|  8   2  62  28   0|  14M  336k|1056M  212M  113M 2206M| 12   18    0    3    0 |  54k  288k
23-07 04:19:21| 12   2  52  35   0|  17M 1584k|1064M  203M  113M 2206M| 12   18    0    3    0 | 102k  396k
23-07 04:19:22| 40   2  39  20   0|  11M  520k|1070M  196M  113M 2207M| 12   18    0    3    0 | 161k 1062k
23-07 04:19:23|  7   0  56  36   0|  17M  448k|1078M  188M  113M 2207M| 12   18    0    3    0 |  20k  269k
23-07 04:19:24|  9   1  58  33   0|  16M  160k|1086M  180M  113M 2207M| 12   18    0    3    0 |  38k  370k
23-07 04:19:25| 13   1  60  26   0|  12M  112k|1092M  173M  113M 2207M| 12   18    0    3    0 |  60k  521k
23-07 04:19:26| 29   3  36  33   0|  16M  304k|1101M  164M  113M 2208M| 12   18    0    3    0 | 120k  370k
23-07 04:19:27| 16   1  44  39   0|  18M 1184k|1109M  155M  113M 2208M| 12   18    0    3    0 |  29k  333k
23-07 04:19:28| 11   0  48  41   0|  18M 4888k|1119M  146M  113M 2208M| 12   18    1    3    0 |  21k  326k
23-07 04:19:29| 26   2  36  36   0|  17M 4288k|1128M  137M  113M 2209M| 12   18    1    3    0 |  61k  882k
23-07 04:19:30|  9   1  50  40   0|  20M 3944k|1138M  127M  113M 2209M| 12   18    1    3    0 |  16k  333k
23-07 04:19:31| 22   3  42  34   0|  18M 4464k|1147M  117M  113M 2209M| 12   18    1    3    0 |  83k  424k
23-07 04:19:32| 10   1  48  42   0|  16M 3624k|1155M  109M  113M 2209M| 12   18    1    3    0 |  36k  360k
23-07 04:19:33|  9   2  62  27   0|  13M 2728k|1162M  102M  113M 2210M| 12   18    1    3    0 |  44k  293k
23-07 04:19:34| 10   2  86   2   0|  32k 3200k|1162M  101M  113M 2210M| 12   18    1    3    0 |  84k  290k
23-07 04:19:35| 22   3  73   2   0|  32k 3088k|1160M  121M  113M 2192M| 12   18    1    3    0 | 192k  472k
23-07 04:19:36| 19   1  78   2   0|  64k 3192k|1159M  121M  113M 2193M| 12   17    1    2    0 | 116k  641k
23-07 04:19:37| 26   1  72   2   0|   0  9432k|1160M  121M  113M 2193M| 12   18    1    2    0 |  94k 1068k
23-07 04:19:38| 15   1  83   1   0|   0  1552k|1160M  120M  113M 2193M| 12   18    1    2    0 |  61k  585k
23-07 04:19:39| 16   1  82   1   0|  32k 1560k|1160M  120M  113M 2194M| 12   18    1    2    0 |  83k  568k
23-07 04:19:40| 13   1  85   1   0|   0  1472k|1160M  120M  113M 2194M| 12   18    1    2    0 |  49k  475k
23-07 04:19:41| 44   0  55   1   0|   0  1456k|1160M  119M  113M 2194M| 12   18    1    2    0 |  61k 1568k
23-07 04:19:42| 35   1  63   1   0|   0  1456k|1160M  119M  113M 2194M| 12   18    1    2    0 |  90k 1036k
23-07 04:19:43| 21   2  77   1   0|   0  1280k|1160M  118M  113M 2195M| 12   18    1    2    0 |  75k  636k
23-07 04:19:44| 14   2  83   1   0|   0  1280k|1160M  118M  113M 2195M| 12   18    1    2    0 | 110k  246k
23-07 04:19:45|  5   2  92   1   0|   0  1952k|1160M  117M  113M 2196M| 12   18    1    2    0 |  62k   73k
23-07 04:19:46| 10   2  88   0   0|   0   800k|1160M  117M  113M 2196M| 12   18    1    2    0 | 110k  122k
23-07 04:19:47|  9   2  88   1   0|   0  2336k|1160M  116M  113M 2197M| 12   18    1    2    0 | 104k  129k
23-07 04:19:48|  7   1  91   0   0|  32k  768k|1160M  116M  113M 2197M| 12   18    1    2    0 |  45k  247k
23-07 04:19:49| 11   1  87   1   0|   0   560k|1160M  115M  113M 2198M| 12   18    1    2    0 |  88k  402k
23-07 04:19:50|  4   0  94   2   0|   0  3264k|1160M  115M  113M 2198M| 12   18    1    2    0 |  20k  161k
23-07 04:19:51| 23   0  75   1   0|   0  2040k|1160M  115M  113M 2198M| 12   18    1    2    0 |  42k  907k
23-07 04:19:52| 52   2  45   1   0|  32k 1984k|1160M  115M  113M 2198M| 12   18    1    2    0 |  86k 1632k
23-07 04:19:53| 40   1  57   2   0|   0  4448k|1160M  115M  113M 2199M| 12   18    1    2    0 |  34k 1589k
23-07 04:19:54| 13   2  83   2   0|   0  4048k|1160M  114M  113M 2199M| 12   18    1    2    0 | 111k  183k
23-07 04:19:55| 20   1  78   2   0|   0  4152k|1160M  114M  113M 2200M| 12   18    1    2    0 |  98k  674k
23-07 04:19:56| 18   3  77   2   0|   0  3776k|1160M  113M  113M 2200M| 12   18    1    2    0 | 107k  458k
23-07 04:19:57| 32   4  61   3   0|   0  6592k|1161M  111M  113M 2201M| 12   18    1    2    0 | 178k  962k
23-07 04:19:58| 24   1  73   1   0|   0  2832k|1161M  111M  113M 2201M| 12   18    1    2    0 | 108k  928k
23-07 04:19:59| 21   2  76   2   0|   0  2752k|1161M  110M  113M 2202M| 12   18    1    2    0 | 139k  598k
23-07 04:20:00|  2   1  96   2   0|  32k 2576k|1161M  110M  113M 2202M| 12   18    1    2    0 |  39k   61k
23-07 04:20:01| 11   3  85   2   0|   0  2720k|1161M  109M  113M 2203M| 12   18    1    2    0 | 132k  178k
23-07 04:20:02| 19   2  76   3   0|  32k 5040k|1161M  108M  113M 2203M| 12   19    1    2    0 | 131k  680k
23-07 04:20:03|  3   1  94   3   0|   0  4984k|1161M  108M  113M 2204M| 12   19    1    2    0 |  37k   64k
23-07 04:20:04|  6   2  90   3   0|   0  4648k|1161M  107M  113M 2204M| 12   19    1    1    0 |  87k  109k
23-07 04:20:05|  1   1  96   3   0|   0  4416k|1161M  107M  113M 2204M| 12   19    1    1    0 |  27k   51k
23-07 04:20:06| 17   0  80   2   0|   0  3944k|1161M  107M  114M 2204M| 12   19    1    0    0 |  32k  624k
23-07 04:20:07| 35   1  62   2   0|  32k   13M|1161M  107M  114M 2205M| 12   19    1    0    0 |  32k 1413k
23-07 04:20:08| 12   1  86   0   0|   0  1040k|1161M  106M  114M 2205M| 12   19    1    0    0 |  87k  389k
23-07 04:20:09| 22   2  72   3   0|8192B   12M|1162M  105M  114M 2206M| 12   21    1    0    0 | 152k  638k
23-07 04:20:10| 10   1  87   2   0|  64k 4064k|1162M  104M  114M 2207M| 12   21    1    0    0 | 120k  241k
23-07 04:20:11|  4   1  92   4   0|   0  5176k|1162M  104M  114M 2207M| 12   21    1    0    0 |  51k   56k
23-07 04:20:12|  1   1  96   2   0|   0  3424k|1162M  104M  114M 2207M| 12   21    1    0    0 |  25k   55k
23-07 04:20:13| 16   2  82   0   0|   0   776k|1162M  103M  114M 2207M| 12   23    1    0    0 | 118k  581k
23-07 04:20:14|  9   2  87   2   0|   0  4168k|1162M  102M  114M 2208M| 12   23    1    0    0 | 128k  225k
23-07 04:20:15|  8   1  90   1   0|   0  1640k|1162M  102M  114M 2208M| 12   23    1    0    0 |  45k  298k
23-07 04:20:16|  1   1  98   1   0|   0  1264k|1162M  102M  114M 2208M| 12   23    1    0    0 |7260B 9443B
23-07 04:20:17|  0   0  98   1   0|   0  1032k|1162M  102M  114M 2208M| 12   23    1    0    0 |8178B 7049B
