----system---- --total-cpu-usage-- -dsk/total- ------memory-usage----- ------tcp-sockets------- -net/total-
     time     |usr sys idl wai stl| read  writ| used  free  buff  cach|lis  act  syn  tim  clo | recv  send
23-07 03:14:19| 19   1  78   2   0|1238k 7178k| 716M  947M  110M 1775M| 10    7    0    7    2 |   0     0 
23-07 03:14:20|  8   4  86   2   0| 144k  696k| 723M  939M  110M 1775M| 10    9    0    7    2 |7377B 3290B
23-07 03:14:21| 13   8  73   7   0| 704k   14M| 729M  931M  110M 1776M| 10    9    0    7    2 |  11k 6407B
23-07 03:14:22| 34   9  57   0   0| 592k   32k| 777M  872M  110M 1786M| 12    9    0    7    2 |  52B   66B
23-07 03:14:23|  0   0 100   0   0|   0     0 | 777M  872M  110M 1786M| 12    9    0    7    2 |  52B 1474B
23-07 03:14:24|  0   0 100   0   0|   0     0 | 777M  872M  110M 1786M| 12    9    0    7    2 |  46B   54B
23-07 03:14:25|  0   0 100   0   0|   0     0 | 777M  872M  110M 1786M| 12    9    0    7    2 |   0     0 
23-07 03:14:26| 30   3  59   8   0| 119M   21M| 800M  849M  110M 1786M| 12   12    0    9    2 |1570B 6716B
23-07 03:14:27| 34   2  49  15   0| 131M   32k| 866M  783M  110M 1786M| 12   12    0    9    2 |   0     0 
23-07 03:14:28| 24   2  51  24   0|  94M    0 | 914M  735M  110M 1786M| 12   12    0    9    2 |   0     0 
23-07 03:14:29| 26   1  50  23   0|  94M    0 | 961M  688M  110M 1786M| 12   12    0    9    2 |  46B   54B
23-07 03:14:30| 15  17  32  36   0|  27M  160M| 980M  669M  110M 1786M| 12   38    0   21    2 |  36k  104k
23-07 03:14:31| 24   7  14  55   0|  18M   52M| 993M  656M  110M 1786M| 12   38    0   44    2 |  12k   25k
23-07 03:14:32|  8   4  30  58   0|1344k   49M| 994M  654M  110M 1786M| 12   48    0   50    2 |  11k   48k
23-07 03:14:33|  7   5  45  44   0|  64k   36M| 995M  653M  110M 1786M| 12   39    0   65    2 |6269B   31k
23-07 03:14:34|  1   1  87  12   0|   0  9200k| 995M  653M  110M 1786M| 12   37    0   67    2 |7621B 8346B
23-07 03:14:35|  1   2  79  19   0|   0   357M| 995M  653M  110M 1786M| 12   27    0   67    2 |1828B 1362B
23-07 03:14:36| 12   3  56  29   0|  17M   23M|1006M  642M  110M 1786M| 12   26    0   74    2 |3167B   12k
23-07 03:14:37| 46  12  18  24   0|  19M   35M|1029M  619M  110M 1787M| 12   89    0   88    2 |  52k  143k
23-07 03:14:38| 43  10   4  44   0|  36M   62M|1049M  599M  110M 1787M| 12   90    0   98    2 |6673B   27k
23-07 03:14:39| 44  13   6  36   0|  12M   59M|1058M  590M  110M 1787M| 12  135    0  135    2 |  49k  207k
23-07 03:14:40| 50   8  11  31   0|  17M   33M|1099M  548M  110M 1787M| 12  131    0  185    2 |  48k  263k
23-07 03:14:41| 50   8   7  35   0|  22M   35M|1111M  536M  110M 1788M| 12  136    0  211    2 |  13k   59k
23-07 03:14:42| 22   7  24  47   0|4544k   47M|1113M  534M  110M 1788M| 12  122    0  240    2 |9224B   67k
23-07 03:14:43| 42   7  16  35   0|  16M   24M|1125M  522M  110M 1788M| 12  147    0  269    2 |  29k  113k
23-07 03:14:44| 28   8  15  49   0|  20M   40M|1137M  510M  110M 1788M| 12  185    0  287    2 |  27k   94k
23-07 03:14:45| 75   6   4  15   0|3648k   41M|1146M  500M  110M 1788M| 12  176    0  295    2 |  14k   33k
23-07 03:14:46| 58  13   3  27   0|  15M   57M|1155M  491M  110M 1788M| 12  196    0  312    2 |  31k  109k
23-07 03:14:47| 68  12   2  18   0|  14M   39M|1169M  477M  110M 1788M| 12  132    0  389    2 |  34k  244k
23-07 03:14:48| 66   8   7  19   0|  18M  440k|1175M  472M  110M 1789M| 12  123    0  427    4 |  24k  134k
23-07 03:14:49| 44   8  17  31   0|  17M   27M|1182M  463M  110M 1789M| 12  185    0  462    2 |  40k  136k
23-07 03:14:50| 30  11   9  50   0|  18M   54M|1194M  451M  110M 1789M| 12  207    0  473    2 |  15k   33k
23-07 03:14:51| 41  11   6  42   0|  18M   54M|1208M  438M  110M 1789M| 12  251    0  504    2 |  53k  199k
23-07 03:14:52| 80  10   3   7   0|  13M   14M|1216M  430M  110M 1789M| 12  177    0  557    2 |  20k  133k
23-07 03:14:53| 57  10  15  19   0|1728k   35M|1219M  426M  110M 1790M| 12  210    0  583    2 |  33k  123k
23-07 03:14:54| 27   9  16  48   0|  32k   53M|1219M  426M  110M 1790M| 12  226    0  629    2 |  44k  149k
23-07 03:14:55| 15   8  17  60   0|   0    62M|1220M  425M  110M 1790M| 12  264    0  664    2 |  35k  161k
23-07 03:14:56|  6   4  29  61   0|   0    47M|1220M  425M  110M 1790M| 12  251    0  670    2 |3630B   10k
23-07 03:14:57| 23   9  39  29   0|   0    30M|1222M  422M  110M 1790M| 12  170    0  727    2 |7287B  110k
23-07 03:14:58| 70   8   4  18   0|  32k   19M|1224M  420M  110M 1790M| 12  150    0  784    2 |  16k   99k
23-07 03:14:59| 79  15   2   4   0|  24k   38M|1226M  418M  110M 1791M| 12  225    0  855    2 |  80k  343k
23-07 03:15:00| 82  14   2   3   0|   0    31M|1226M  418M  110M 1791M| 12  230    0  873    2 |  11k   40k
23-07 03:15:01| 77  11   3   9   0|  32k   73M|1226M  418M  110M 1791M| 12  192    0  934    2 |  27k  156k
23-07 03:15:02| 70   9   2  19   0|  32k   34M|1226M  418M  110M 1791M| 12  166    0  986    2 |  14k  115k
23-07 03:15:03| 72   8   8  13   0|   0    21M|1226M  417M  110M 1792M| 12  227    0    1k   2 |  69k  305k
23-07 03:15:04| 68  10   2  20   0|9472k   27M|1229M  414M  110M 1792M| 12  226    0    1k   2 |  12k   70k
23-07 03:15:05| 40   9  12  39   0|9952k   41M|1232M  411M  110M 1792M| 12  249    0    1k   2 |9892B   12k
23-07 03:15:06| 62  17   4  18   0|9568k   39M|1237M  405M  110M 1792M| 12  253    0    1k   2 | 124k  578k
23-07 03:15:07| 69  13   2  16   0|  10M   22M|1246M  396M  110M 1792M| 12  287    0    1k   3 |  58k  240k
23-07 03:15:08| 80  15   1   4   0|9824k   29M|1253M  389M  110M 1793M| 12  326    0    1k   2 |  33k  117k
23-07 03:15:09| 83  12   1   5   0|  13M   27M|1264M  378M  110M 1793M| 12  373    0    1k   2 |  27k   99k
23-07 03:15:10| 70  16   2  14   0|8032k   57M|1271M  370M  110M 1793M| 12  354    0    1k   2 |  39k  216k
23-07 03:15:11| 41  14   5  39   0|  17M   46M|1275M  366M  110M 1793M| 12  224    0    1k   2 |  23k  119k
23-07 03:15:12| 55  12   6  27   0|  15M   34M|1283M  358M  110M 1793M| 12  269    0    2k   2 |  34k  166k
23-07 03:15:13| 31   8   7  54   0|  17M   50M|1294M  347M  110M 1793M| 12  312    0    2k   2 |4639B   10k
23-07 03:15:14| 48  13   4  34   0|  15M   51M|1302M  339M  110M 1794M| 12  383    0    2k   2 | 115k  485k
23-07 03:15:15| 58  13   3  27   0|  12M   37M|1312M  329M  110M 1794M| 12  298    0    2k   1 |  23k  129k
23-07 03:15:16| 71  11   2  16   0|  13M   40M|1318M  323M  110M 1794M| 12  274    0    2k   1 |5939B   54k
23-07 03:15:17| 78  14   2   5   0|  12M 9920k|1323M  318M  110M 1794M| 12  288    0    2k   1 |  37k  193k
23-07 03:15:18| 79  14   1   7   0|8224k   36M|1326M  314M  110M 1794M| 12  354    0    2k   1 |  63k  301k
23-07 03:15:19| 80  10   1  10   0|  15M   38M|1335M  305M  110M 1794M| 12  313    0    2k   1 |  21k   58k
23-07 03:15:20| 77  13   1  10   0|  13M   41M|1341M  299M  110M 1795M| 12  287    0    2k   1 |  11k   99k
23-07 03:15:21| 81  10   2   7   0|  13M   12M|1342M  298M  110M 1795M| 12  192    0    2k   1 |  16k  106k
23-07 03:15:22| 81  11   1   7   0|  15M   12M|1342M  298M  110M 1795M| 12  225    0    2k   1 |  35k  160k
23-07 03:15:23| 81  10   1   8   0|  11M   29M|1342M  297M  110M 1795M| 12  253    0    2k   1 |  15k   46k
23-07 03:15:24| 84  12   1   3   0|5344k   29M|1345M  295M  110M 1795M| 12  290    0    2k   1 |  11k   45k
23-07 03:15:25| 77  18   2   4   0|  32k   46M|1349M  290M  110M 1796M| 12  315    0    2k   1 |  45k  227k
23-07 03:15:26| 80  14   2   4   0|   0    34M|1350M  289M  110M 1796M| 12  220    0    2k   1 |  36k  229k
23-07 03:15:27| 77  16   2   6   0|  32k   40M|1350M  288M  110M 1796M| 12  294    0    2k   1 |  51k  220k
23-07 03:15:28| 80  16   1   4   0|   0    52M|1350M  288M  110M 1796M| 12  296    0    2k   1 |  37k  196k
23-07 03:15:29| 74  14   1  12   0|  32k   61M|1351M  287M  110M 1797M| 12  352    0    2k   1 |  15k   66k
23-07 03:15:30| 72  14   1  14   0|   0    55M|1354M  284M  110M 1797M| 12  364    0    2k   1 |  12k   61k
23-07 03:15:31| 86  13   1   1   0| 120k   23M|1355M  283M  110M 1797M| 12  326    0    2k   1 |8555B   72k
23-07 03:15:32| 88  11   1   0   0|   0  2704k|1358M  280M  110M 1797M| 12  238    0    2k   1 |  13k  137k
23-07 03:15:33| 88  12   0   0   0|  32k   17M|1357M  280M  110M 1797M| 12  284    0    3k   1 |  38k  173k
