----system---- --total-cpu-usage-- -dsk/total- ------memory-usage----- ------tcp-sockets------- -net/total-
     time     |usr sys idl wai stl| read  writ| used  free  buff  cach|lis  act  syn  tim  clo | recv  send
23-07 05:46:50| 11   1  85   2   0| 719k 5892k| 700M  789M  115M 1940M| 10    5    1    0    0 |   0     0 
23-07 05:46:51|  8   8  78   6   0| 694k 9160k| 702M  786M  115M 1942M| 10    6    1    0    0 |7077B 4756B
23-07 05:46:52| 51  15  29   5   0|  96k   11M| 772M  704M  115M 1951M| 10    6    1    0    0 |  64B 3574B
23-07 05:46:53| 11   5  84   0   0|8192B   32k| 714M  758M  115M 1954M| 12    6    1    0    0 | 214B 1698B
23-07 05:46:54|  0   0 100   0   0|   0     0 | 714M  758M  115M 1954M| 12    6    1    0    0 |   0     0 
23-07 05:46:55|  0   2  98   0   0|   0     0 | 719M  754M  115M 1954M| 12   12    1    0    0 |5107B 8729B
23-07 05:46:56|  0   0 100   0   0|   0     0 | 719M  754M  115M 1954M| 12   11    1    1    0 | 187B  295B
23-07 05:46:57| 12  16  69   4   0|   0   190M| 734M  836M  115M 1858M| 12   10    0    2    0 | 543B  715B
23-07 05:46:58| 47   4  49   0   0|   0   232k| 720M  809M  115M 1899M| 12   10    0    2    0 |   0     0 
23-07 05:46:59| 21   6  44  29   0|   0   399M| 746M  784M  115M 1897M| 12   10    0    2    0 |   0     0 
23-07 05:47:00| 29   9  49  12   0|   0    68M| 745M  760M  115M 1923M| 12   10    0    2    0 |   0     0 
23-07 05:47:01| 27   9  49  15   0|   0    95M| 729M  748M  115M 1949M| 12   10    0    2    0 |   0     0 
23-07 05:47:02| 13   8  32  48   0|   0    78M| 737M  736M  115M 1954M| 12   32    0   15    0 | 313k  160k
23-07 05:47:03|  4   4  34  59   0|   0    51M| 737M  736M  115M 1954M| 12   32    0   38    0 |  40k   63k
23-07 05:47:04|  4   5  40  51   0|   0    44M| 738M  735M  115M 1954M| 12   34    0   60    0 |  60k  113k
23-07 05:47:05|  1   2  51  47   0|   0    35M| 738M  735M  115M 1954M| 12   32    0   62    0 |1202B 2105B
23-07 05:47:06|  0   0 100   0   0|   0     0 | 738M  735M  115M 1954M| 12   32    0   62    0 |  76B   90B
23-07 05:47:07|  4   1  94   0   0|   0   288k| 741M  731M  115M 1954M| 12   39    0   73    0 | 263k   78k
23-07 05:47:08| 15   9  19  57   0|   0    64M| 753M  720M  115M 1954M| 12  117    0   97    0 | 768k  327k
23-07 05:47:09|  9   9  19  62   0|   0    67M| 758M  714M  115M 1954M| 12  123    0  132    0 | 229k  182k
23-07 05:47:10| 23   7  30  40   0|   0    39M| 786M  687M  115M 1954M| 12  124    0  195    0 |1219k  376k
23-07 05:47:11| 18   5  50  27   0|   0    24M| 803M  670M  115M 1954M| 12  100    0  230    0 |1230k  136k
23-07 05:47:12| 18   5  32  44   0|   0    38M| 811M  661M  115M 1954M| 12  105    0  258    0 |1523k   99k
23-07 05:47:13| 16   8  26  50   0|   0    42M| 815M  657M  115M 1954M| 12  179    0  298    0 | 992k  365k
23-07 05:47:14| 22   8  15  54   0|   0    64M| 819M  653M  115M 1954M| 12  263    0  322    0 |1029k  411k
23-07 05:47:15| 15   9  14  62   0|   0    79M| 821M  651M  115M 1954M| 12  243    0  354    0 | 914k  219k
23-07 05:47:16| 17   9  15  59   0|   0    74M| 823M  649M  115M 1954M| 12  205    0  395    0 | 973k  175k
23-07 05:47:17|  6   6  21  66   0|   0    61M| 823M  649M  115M 1954M| 12  217    0  427    0 |  57k  140k
23-07 05:47:18| 20   8  27  45   0|   0    39M| 825M  647M  115M 1954M| 12  226    0  546    0 | 611k  523k
23-07 05:47:19| 20   6  30  43   0|   0    38M| 826M  646M  115M 1954M| 12  219    0  595    0 |1539k  129k
23-07 05:47:20| 24  10  19  46   0|   0    49M| 831M  641M  115M 1954M| 12  230    0  635    0 |2090k  110k
23-07 05:47:21| 32   8  25  34   0|   0    37M| 835M  637M  115M 1954M| 12  294    0  716    0 |1890k  441k
23-07 05:47:22| 14   7  17  62   0|   0    67M| 835M  637M  115M 1954M| 12  315    0  763    0 | 381k  265k
23-07 05:47:23|  6   9  14  71   0|   0    82M| 837M  634M  115M 1955M| 12  297    0  787    0 |  61k   93k
23-07 05:47:24| 16  13  12  59   0|   0    77M| 845M  627M  115M 1955M| 12  332    0  852    0 | 185k  444k
23-07 05:47:25| 13   7  17  63   0|   0    73M| 845M  626M  115M 1955M| 12  304    0  947    1 | 283k  336k
23-07 05:47:26| 22   8  17  53   0|   0    62M| 845M  626M  115M 1955M| 12  357    0  995    0 |1194k  332k
23-07 05:47:27| 28  10  14  48   0|   0    70M| 845M  626M  115M 1955M| 12  388    0    1k   0 |1460k  340k
23-07 05:47:28| 22   9  14  54   0|   0    77M| 847M  625M  115M 1955M| 12  381    0    1k   0 |1064k  273k
23-07 05:47:29| 22   8  12  57   0|   0    76M| 849M  622M  115M 1955M| 12  460    0    1k   0 | 295k  597k
23-07 05:47:30| 29   9  16  45   0|   0    50M| 856M  615M  115M 1955M| 12  299    0    1k   0 |1040k  146k
23-07 05:47:31| 30   8  21  41   0|   0    41M| 860M  611M  115M 1955M| 12  346    0    1k   0 |1450k  409k
23-07 05:47:32| 19  10  20  52   0|   0    56M| 860M  611M  115M 1955M| 12  416    0    2k   0 |1080k  275k
23-07 05:47:33| 26  13   9  52   0|   0    81M| 862M  609M  115M 1955M| 12  545    0    2k   0 |1604k  335k
23-07 05:47:34| 14  12  13  61   0|   0    88M| 865M  606M  115M 1955M| 12  540    0    2k   0 | 482k  239k
23-07 05:47:35| 19  11  11  59   0|   0    85M| 867M  604M  115M 1955M| 12  437    0    2k   0 | 170k  335k
23-07 05:47:36| 16  11  14  59   0|   0    79M| 867M  603M  115M 1955M| 12  383    0    2k   0 | 530k  221k
23-07 05:47:37| 25  10  13  52   0|   0    65M| 868M  602M  115M 1955M| 12  437    0    2k   0 | 978k  437k
23-07 05:47:38| 19   7  16  57   0|   0    69M| 870M  601M  115M 1956M| 12  516    0    2k   1 | 976k  246k
23-07 05:47:39|  9  10  14  67   0|   0    90M| 870M  600M  115M 1956M| 12  588    0    2k   0 |  97k  165k
23-07 05:47:40| 28  10  11  51   0|   0    77M| 874M  596M  115M 1956M| 12  397    0    2k   0 | 835k  249k
23-07 05:47:41| 20   7  18  55   0|   0    59M| 874M  596M  115M 1956M| 12  367    0    2k   0 | 537k  236k
23-07 05:47:42| 22  11  18  48   0|   0    54M| 874M  596M  115M 1956M| 12  411    0    2k   0 | 474k  475k
23-07 05:47:43| 18  11  13  58   0|   0    78M| 875M  595M  115M 1956M| 12  515    0    3k   3 | 178k  294k
23-07 05:47:44| 37  13  10  40   0|   0    61M| 879M  591M  115M 1956M| 12  615    0    3k   0 |1467k  636k
23-07 05:47:45| 27  12  10  51   0|   0    75M| 881M  589M  115M 1956M| 12  595    0    3k   0 |1502k  228k
23-07 05:47:46| 27   8  12  53   0|   0    67M| 883M  587M  115M 1956M| 12  463    0    3k   0 |1542k  149k
23-07 05:47:47| 28  11  13  47   0|   0    64M| 883M  587M  115M 1956M| 12  478    0    3k   0 | 861k  436k
23-07 05:47:48| 33  13   9  45   0|   0    83M| 883M  587M  115M 1956M| 12  641    0    3k   0 |1436k  600k
23-07 05:47:49| 26  16   8  51   0|   0    91M| 888M  582M  115M 1956M| 12  770    0    3k   1 |1005k  524k
23-07 05:47:50| 19  13   9  59   0|   0    87M| 894M  575M  115M 1957M| 12  804    0    3k   0 | 664k  374k
23-07 05:47:51| 17  11  13  59   0|   0    85M| 895M  574M  115M 1957M| 12  640    0    3k   0 |  68k  183k
23-07 05:47:52| 20   7  16  57   0|   0    66M| 896M  573M  115M 1957M| 12  458    0    4k   0 |  98k  212k
23-07 05:47:53| 25  13  14  47   0|   0    61M| 896M  573M  115M 1957M| 12  664    0    4k   0 | 381k  724k
23-07 05:47:54| 31  12   8  49   0|   0    84M| 900M  569M  115M 1957M| 12  754    0    4k   0 | 661k  321k
23-07 05:47:55| 24  14   7  54   0|   0   101M| 901M  567M  115M 1957M| 12  845    0    4k   0 |1031k  281k
23-07 05:47:56| 22  13  10  55   0|   0    99M| 904M  564M  115M 1957M| 12  631    0    4k   0 | 129k  200k
23-07 05:47:57| 19   8  15  59   0|   0    70M| 904M  564M  115M 1957M| 12  540    0    4k   0 | 102k  251k
23-07 05:47:58| 37  10  15  39   0|   0    53M| 905M  564M  115M 1957M| 12  545    0    4k   2 | 497k  723k
23-07 05:47:59| 24  13  11  52   0|   0    82M| 905M  564M  115M 1957M| 12  748    0    5k   0 | 319k  506k
23-07 05:48:00| 24  14   8  54   0|   0    97M| 909M  559M  115M 1957M| 12  882    0    5k   0 | 525k  167k
23-07 05:48:01| 25  13  10  52   0|   0    78M| 915M  553M  115M 1957M| 12  807    0    5k   1 |1610k  124k
23-07 05:48:02| 30   9  11  50   0|   0    68M| 916M  552M  115M 1958M| 12  665    0    5k   0 |1027k  214k
23-07 05:48:03| 52  11   8  28   0|   0    50M| 917M  551M  115M 1958M| 12  644    0    5k   0 |1605k  726k
23-07 05:48:04| 33  10  11  46   0|   0    76M| 917M  551M  115M 1958M| 12  768    0    5k   0 | 941k  542k
23-07 05:48:05| 18  15   9  58   0|   0    92M| 918M  550M  115M 1958M| 12  993    0    5k   0 | 261k  432k
23-07 05:48:06| 11  12   8  69   0|   0   106M| 922M  545M  115M 1958M| 12    1k   0    5k   0 |  61k   85k
23-07 05:48:07| 19  15   8  58   0|   0    95M| 925M  542M  115M 1958M| 12  440    0    5k 352 | 105k  241k
23-07 05:48:08|  9  10  17  64   0|   0    76M| 927M  541M  115M 1958M| 12   27    1    5k 389 |  69k   68k
23-07 05:48:09| 10   5  44  41   0|   0    35M| 927M  541M  115M 1958M| 12   27    0    5k  78 |1399B   19k
