----system---- --total-cpu-usage-- -dsk/total- ------memory-usage----- ------tcp-sockets------- -net/total-
     time     |usr sys idl wai stl| read  writ| used  free  buff  cach|lis  act  syn  tim  clo | recv  send
23-07 04:58:27| 13   1  83   2   0| 838k 6167k| 706M  803M  111M 1923M| 10    6    0    0    1 |   0     0 
23-07 04:58:28|  8   6  84   1   0|   0   696k| 714M  796M  111M 1923M| 10    8    0    0    1 |  11k 3067B
23-07 04:58:29| 15  10  65  10   0|  24k   19M| 724M  783M  111M 1924M| 10    8    0    0    1 |6815B 6610B
23-07 04:58:30| 49  10  40   0   0| 400k   32k| 758M  736M  111M 1936M| 12    8    0    0    1 |   0     0 
23-07 04:58:31|  0   0 100   0   0|   0     0 | 758M  736M  111M 1936M| 12    8    0    0    1 | 132B 1590B
23-07 04:58:32|  0   1  99   0   0|   0     0 | 759M  735M  111M 1936M| 12   10    0    0    1 |7407B 6291B
23-07 04:58:33|  0   0 100   0   0|   0     0 | 759M  735M  111M 1936M| 12    9    0    1    1 | 187B  295B
23-07 04:58:34|  0   0  99   1   0|   0    24M| 760M  734M  111M 1936M| 12   12    0    2    1 |5110B 8444B
23-07 04:58:35|  0   0 100   0   0|   0     0 | 760M  734M  111M 1936M| 12   12    0    2    1 |   0     0 
23-07 04:58:36| 23  16  57   5   0|   0    96M| 735M  848M  111M 1850M| 12   11    0    3    1 | 543B  715B
23-07 04:58:37| 46   5  45   4   0|   0   150M| 735M  793M  111M 1903M| 12   11    0    3    1 |  76B   90B
23-07 04:58:38| 26   9  48  16   0|   0   288M| 758M  779M  111M 1894M| 12   11    0    3    1 |   0     0 
23-07 04:58:39| 28   8  48  15   0|   0   115M| 749M  762M  111M 1920M| 12   11    0    3    1 |  46B   54B
23-07 04:58:40| 24   7  42  28   0|   0   136M| 749M  745M  111M 1936M| 12   30    0    9    1 | 192k   95k
23-07 04:58:41|  7   6  30  56   0|   0    51M| 749M  745M  111M 1936M| 12   33    0   37    1 | 270k  134k
23-07 04:58:42|  3   3  33  61   0|   0    49M| 749M  745M  111M 1937M| 12   44    0   42    1 |  32k   63k
23-07 04:58:43|  4   2  48  46   0|   0    35M| 749M  745M  111M 1937M| 12   35    0   58    1 |  28k   51k
23-07 04:58:44|  0   1  79  20   0|   0    14M| 749M  745M  111M 1937M| 12   33    0   60    1 |1148B 1979B
23-07 04:58:45|  0   0 100   0   0|   0    16k| 749M  745M  111M 1937M| 12   28    0   60    1 | 900B  594B
23-07 04:58:46|  3   0  96   1   0|   0   192k| 750M  745M  111M 1937M| 12   21    0   65    1 | 217k   26k
23-07 04:58:47| 12   8  27  53   0|   0    55M| 753M  741M  111M 1937M| 12   82    0   79    1 | 572k  253k
23-07 04:58:48|  7   7  19  66   0|   0    67M| 753M  740M  111M 1937M| 12   93    0  106    1 |  97k  165k
23-07 04:58:49| 16   7  36  41   0|   0    36M| 756M  738M  111M 1937M| 12  180    0  237    1 | 519k  772k
23-07 04:58:50|  8   3  49  40   0|   0    31M| 757M  737M  111M 1937M| 12  157    0  275    1 | 360k   72k
23-07 04:58:51|  6   4  44  46   0|   0    37M| 757M  737M  111M 1937M| 12  162    0  297    1 | 276k   84k
23-07 04:58:52| 10   4  53  33   0|   0    29M| 758M  736M  111M 1937M| 12  234    0  334    1 | 418k  295k
23-07 04:58:53| 13   6  25  56   0|   0    52M| 762M  732M  111M 1937M| 12  252    0  347    1 | 898k  179k
23-07 04:58:54|  9   9  23  60   0|   0    60M| 764M  729M  111M 1937M| 12  204    0  362    1 | 486k  161k
23-07 04:58:55| 12   4  44  40   0|   0    39M| 767M  727M  111M 1937M| 12   99    0  441    1 | 352k  137k
23-07 04:58:56| 17   5  62  17   0|   0    16M| 767M  727M  111M 1937M| 12  147    0  511    3 | 846k  327k
23-07 04:58:57|  7   5  44  45   0|   0    36M| 766M  727M  111M 1937M| 12  173    0  525    1 | 415k   86k
23-07 04:58:58| 10   6  29  55   0|   0    50M| 767M  726M  111M 1937M| 12  204    0  550    1 | 409k  203k
23-07 04:58:59|  9   4  23  64   0|   0    59M| 769M  725M  111M 1937M| 12  169    0  595    1 | 343k   83k
23-07 04:59:00| 14   6  30  51   0|   0    48M| 770M  724M  111M 1937M| 12  209    0  616    1 | 985k  204k
23-07 04:59:01| 10   6  36  48   0|   0    42M| 770M  724M  111M 1937M| 12  194    0  660    1 | 425k  164k
23-07 04:59:02|  9   6  26  59   0|   0    54M| 772M  722M  111M 1937M| 12  168    0  719    1 | 356k   92k
23-07 04:59:03| 15   4  37  44   0|   0    36M| 773M  721M  111M 1937M| 12  154    0  794    1 | 367k  279k
23-07 04:59:04| 12   7  28  53   0|   0    46M| 772M  721M  111M 1937M| 12  164    0  842    1 | 511k  213k
23-07 04:59:05| 24   8  19  49   0|   0    59M| 773M  720M  111M 1937M| 12  255    0  903    1 | 931k  388k
23-07 04:59:06| 20   8  15  57   0|   0    73M| 780M  713M  111M 1937M| 12  284    0  925    1 |1200k  163k
23-07 04:59:07| 24  14  12  50   0|   0    74M| 788M  702M  111M 1940M| 12  295    0  983    1 | 563k  374k
23-07 04:59:08| 52  15   5  29   0|   0    52M| 817M  671M  111M 1942M| 12  251    0    1k   1 |  59k  149k
23-07 04:59:09| 32   8  18  42   0|   0    46M| 833M  660M  111M 1938M| 12  217    0    1k   1 | 279k  115k
23-07 04:59:10| 26   9  18  46   0|   0    55M| 832M  661M  111M 1938M| 12  320    0    1k   1 |1548k  307k
23-07 04:59:11|  9  11  16  63   0|   0    72M| 833M  660M  111M 1938M| 12  354    0    1k   1 | 640k   36k
23-07 04:59:12|  9   9  17  65   0|   0    72M| 833M  660M  111M 1938M| 12  380    0    1k   1 | 281k  177k
23-07 04:59:13| 25   9  17  50   0|   0    63M| 834M  659M  111M 1938M| 12  282    0    1k   1 | 476k  508k
23-07 04:59:14| 20   8  24  48   0|   0    54M| 834M  659M  111M 1938M| 12  209    0    1k   1 | 563k  158k
23-07 04:59:15| 19  11  22  49   0|   0    54M| 834M  659M  111M 1938M| 12  324    0    2k   1 | 563k  380k
23-07 04:59:16|  9   6  19  65   0|   0    69M| 834M  659M  111M 1938M| 12  395    0    2k   2 | 117k  133k
23-07 04:59:17| 10   9  16  65   0|   0    79M| 834M  659M  111M 1938M| 12  317    0    2k   1 |  53k  112k
23-07 04:59:18| 21   9  20  50   0|   0    56M| 834M  658M  111M 1938M| 12  276    0    2k   1 | 580k  303k
23-07 04:59:19| 61  16   7  17   0|   0    28M| 856M  633M  111M 1941M| 12  374    0    2k   1 | 437k  408k
23-07 04:59:20| 54  13   3  30   0|   0    50M| 873M  614M  111M 1943M| 12  423    0    2k   1 | 228k  191k
23-07 04:59:21| 51  12   5  32   0|   0    58M| 884M  604M  111M 1943M| 12  455    0    2k   1 |  63k   90k
23-07 04:59:22| 37   9  11  43   0|   0    60M| 884M  608M  111M 1938M| 12  326    0    2k   1 |1337k  100k
23-07 04:59:23| 33  12  18  36   0|   0    38M| 878M  612M  111M 1941M| 12  313    0    2k   1 |1873k  374k
23-07 04:59:24| 50  13  12  25   0|   0    29M| 881M  611M  111M 1938M| 12  339    0    2k   1 | 943k  233k
23-07 04:59:25| 23  11  12  54   0|   0    77M| 881M  611M  111M 1938M| 12  476    0    2k   1 | 998k  375k
23-07 04:59:26|  9  11  11  68   0|   0    96M| 881M  611M  111M 1938M| 12  551    0    2k   2 | 135k  270k
23-07 04:59:27| 21  14  13  52   0|   0    74M| 882M  609M  111M 1938M| 12  628    0    2k   1 | 305k  768k
23-07 04:59:28| 33  11  12  44   0|   0    61M| 882M  609M  111M 1938M| 12  361    0    3k   1 | 853k  260k
23-07 04:59:29| 25   9  19  47   0|   0    61M| 882M  609M  111M 1939M| 12  362    0    3k   1 |1169k  234k
23-07 04:59:30| 37  12  12  39   0|   0    61M| 882M  609M  111M 1939M| 12  453    0    3k   1 |1140k  446k
23-07 04:59:31| 17   9  14  60   0|   0    75M| 883M  608M  111M 1939M| 12  552    0    3k   1 | 803k  150k
23-07 04:59:32| 19  11  14  56   0|   0    77M| 884M  607M  111M 1939M| 12  572    0    3k   1 | 436k  426k
23-07 04:59:33| 21  11  14  54   0|   0    76M| 884M  607M  111M 1939M| 12  392    0    3k   1 | 122k  272k
23-07 04:59:34| 20   8  18  54   0|   0    67M| 884M  607M  111M 1939M| 12  359    0    3k   1 | 306k  165k
23-07 04:59:35| 31   8  21  40   0|   0    43M| 885M  606M  111M 1939M| 12  421    0    3k   1 |1553k  332k
23-07 04:59:36| 45  11   9  35   0|   0    54M| 893M  598M  111M 1939M| 12  526    0    3k   1 | 442k   86k
23-07 04:59:37| 34  13   9  45   0|   0    81M| 894M  597M  111M 1939M| 12  591    0    3k   1 |1700k  359k
23-07 04:59:38| 37  12   8  43   0|   0    79M| 895M  596M  111M 1939M| 12  550    0    3k   1 |1593k  492k
23-07 04:59:39| 20  10  12  57   0|   0    76M| 895M  595M  111M 1939M| 12  467    0    4k   2 | 127k  265k
23-07 04:59:40| 19  10  15  56   0|   0    67M| 896M  595M  111M 1939M| 12  492    0    4k   1 | 152k  276k
23-07 04:59:41| 23  12  13  53   0|   0    73M| 896M  594M  111M 1939M| 12  602    0    4k   1 | 277k  545k
23-07 04:59:42| 16   9  13  62   0|   0    81M| 897M  594M  111M 1940M| 12  628    0    4k   2 | 128k  242k
23-07 04:59:43| 29  13  13  46   0|   0    68M| 897M  594M  111M 1940M| 12  476    0    4k   1 | 988k  189k
23-07 04:59:44| 34  12  13  40   0|   0    60M| 898M  593M  111M 1940M| 12  440    0    4k   1 |1197k  387k
23-07 04:59:45| 48  14   7  31   0|   0    67M| 898M  592M  111M 1940M| 12  610    0    4k   1 |1509k  839k
23-07 04:59:46| 28  12  10  49   1|   0    82M| 898M  592M  111M 1940M| 12  653    0    4k   1 | 705k  427k
