----system---- --total-cpu-usage-- -dsk/total- ------memory-usage----- ------tcp-sockets------- -net/total-
     time     |usr sys idl wai stl| read  writ| used  free  buff  cach|lis  act  syn  tim  clo | recv  send
23-07 05:21:06| 12   1  84   2   0| 771k 5939k| 694M  810M  111M 1929M| 10    6    0    0    0 |   0     0 
23-07 05:21:07|  5   5  89   1   0|   0   696k| 700M  804M  111M 1929M| 10    8    0    0    0 |7295B 3116B
23-07 05:21:08|  9   7  73  10   0| 264k   19M| 715M  786M  111M 1930M| 10    8    0    0    0 |  11k 9575B
23-07 05:21:09| 55  12  32   1   0| 344k   32k| 732M  756M  111M 1942M| 10    8    0    0    0 | 168B 1104B
23-07 05:21:10|  2   1  97   0   0|   0     0 | 732M  756M  111M 1942M| 12    8    0    0    0 |  52B 1490B
23-07 05:21:11|  0   1  99   0   0|   0     0 | 732M  756M  111M 1942M| 12   10    0    0    0 |  52B  436B
23-07 05:21:12|  1   0  99   0   0|   0     0 | 732M  756M  111M 1942M| 12   10    0    0    0 |   0     0 
23-07 05:21:13|  1   0  98   0   0|   0    13M| 733M  755M  111M 1942M| 12   12    0    2    0 |5297B 8739B
23-07 05:21:14|  0   0  99   0   0|   0    12M| 733M  755M  111M 1942M| 12   12    0    2    0 |   0     0 
23-07 05:21:15|  8  16  72   3   0|   0   144M| 735M  856M  111M 1841M| 12   11    0    3    0 | 667B  859B
23-07 05:21:16| 47   3  50   0   0|   0     0 | 735M  816M  111M 1881M| 12   11    0    3    0 |   0     0 
23-07 05:21:17| 26   7  44  23   0|   0   395M| 756M  790M  111M 1885M| 12   11    0    3    0 |   0     0 
23-07 05:21:18| 30   8  49  13   0|   0    69M| 746M  775M  111M 1910M| 12   11    0    3    0 |  28B   42B
23-07 05:21:19| 28   7  49  16   0|   0   121M| 747M  748M  111M 1935M| 12   11    0    3    0 |   0     0 
23-07 05:21:20| 15   4  30  51   0|   0    76M| 744M  746M  111M 1940M| 12   34    0   16    0 | 417k  175k
23-07 05:21:21|  4   4  34  59   0|   0    47M| 744M  746M  111M 1940M| 12   34    0   40    0 |  39k   64k
23-07 05:21:22|  6   4  38  52   0|   0    42M| 744M  746M  111M 1940M| 12   35    0   61    0 |  59k  112k
23-07 05:21:23|  1   3  49  47   0|   0    31M| 744M  746M  111M 1940M| 12   35    0   61    0 |   0     0 
23-07 05:21:24|  0   0  98   1   0|   0  1208k| 744M  746M  111M 1940M| 12   33    0   63    0 |1200B 1962B
23-07 05:21:25|  2   1  97   1   0|   0   208k| 745M  745M  111M 1940M| 12   26    0   70    0 | 252k   35k
23-07 05:21:26| 14   7  21  58   0|   0    56M| 749M  741M  111M 1940M| 12  115    0   88    0 | 532k  319k
23-07 05:21:27| 10   6  18  66   0|   0    67M| 750M  740M  111M 1940M| 12   92    0  113    0 | 700k  131k
23-07 05:21:28| 17   7  30  46   0|   0    44M| 752M  738M  111M 1940M| 12  106    0  174    0 | 947k  338k
23-07 05:21:29| 16   7  38  40   0|   0    36M| 753M  737M  111M 1940M| 12  106    0  196    0 |1217k  122k
23-07 05:21:30| 15   8  23  54   0|   0    53M| 758M  732M  111M 1941M| 12  101    0  213    1 |1269k   77k
23-07 05:21:31| 19   6  31  44   0|   0    38M| 762M  727M  111M 1941M| 12  157    0  263    0 |1309k  393k
23-07 05:21:32| 24  11  17  48   0|   0    57M| 766M  724M  111M 1941M| 12  243    0  323    0 | 970k  493k
23-07 05:21:33| 15  12  15  58   0|   0    74M| 768M  721M  111M 1941M| 12  254    0  334    0 |1072k  223k
23-07 05:21:34|  7   6  17  70   0|   0    82M| 770M  719M  111M 1942M| 12  273    0  356    1 |  93k  156k
23-07 05:21:35| 17  13  15  54   0|   0    71M| 774M  715M  111M 1942M| 12  231    0  414    0 | 876k  178k
23-07 05:21:36| 28   9  21  42   0|   0    44M| 777M  711M  111M 1942M| 12  177    0  499    0 |1161k  235k
23-07 05:21:37| 19   8  34  40   0|   0    34M| 778M  711M  111M 1942M| 12  156    0  562    0 |1612k  185k
23-07 05:21:38| 26   7  26  41   0|   0    41M| 780M  708M  111M 1942M| 12  207    0  598    0 |1874k  234k
23-07 05:21:39| 19   8  16  56   0|   0    63M| 782M  706M  111M 1942M| 12  270    0  632    0 |1160k  245k
23-07 05:21:40| 15  10  13  63   0|   0    83M| 783M  705M  111M 1942M| 12  340    0  659    0 | 787k  290k
23-07 05:21:41| 15   8  13  64   0|   0    78M| 787M  701M  111M 1942M| 12  300    0  711    0 | 356k  211k
23-07 05:21:42| 24  11  13  52   0|   0    70M| 792M  696M  111M 1942M| 12  302    0  757    0 | 977k  394k
23-07 05:21:43| 31  11  12  46   0|   0    70M| 794M  694M  111M 1942M| 12  378    0  877    0 |1200k  679k
23-07 05:21:44| 16   9  16  59   0|   0    74M| 795M  693M  111M 1942M| 12  386    0  946    0 | 560k  241k
23-07 05:21:45| 14   9  20  57   0|   0    57M| 795M  693M  111M 1942M| 12  370    0    1k   0 | 538k  208k
23-07 05:21:46| 14  10  19  58   0|   0    62M| 796M  692M  111M 1942M| 12  365    0    1k   0 | 115k  231k
23-07 05:21:47| 16   9  13  62   0|   0    81M| 797M  691M  111M 1942M| 12  409    0    1k   0 | 499k  249k
23-07 05:21:48| 34  14  10  42   0|   0    69M| 804M  683M  111M 1942M| 12  368    0    1k   0 | 715k  357k
23-07 05:21:49| 27   7  21  45   0|   0    48M| 804M  683M  111M 1942M| 12  307    0    1k   0 |1514k  279k
23-07 05:21:50| 23  11  16  51   0|   0    60M| 806M  682M  111M 1943M| 12  387    0    1k   0 |1260k  261k
23-07 05:21:51| 38  14   9  39   0|   0    70M| 807M  680M  111M 1943M| 12  443    0    2k   0 |1570k  695k
23-07 05:21:52| 10   9  13  68   0|   0    80M| 808M  679M  111M 1943M| 12  448    0    2k   0 | 360k   53k
23-07 05:21:53| 14   9  13  64   0|   0    78M| 808M  679M  111M 1943M| 12  551    0    2k   0 | 195k  298k
23-07 05:21:54| 25  12  12  51   0|   0    75M| 812M  675M  111M 1943M| 12  565    0    2k   0 | 728k  516k
23-07 05:21:55| 18  12  10  60   0|   0    96M| 813M  674M  111M 1943M| 12  527    0    2k   0 | 122k  275k
23-07 05:21:56| 14  12  13  60   0|   0    87M| 813M  674M  111M 1943M| 12  474    0    2k   0 | 114k  214k
23-07 05:21:57| 29  11  14  45   0|   0    60M| 813M  674M  111M 1943M| 12  408    0    2k   0 |1004k  316k
23-07 05:21:58| 29  12  13  46   0|   0    62M| 813M  674M  111M 1943M| 12  520    0    2k   0 |1128k  425k
23-07 05:21:59| 29  17   8  46   0|   0    84M| 814M  673M  111M 1943M| 12  560    0    2k   0 | 980k  631k
23-07 05:22:00| 12   8  15  65   0|   0    76M| 813M  673M  111M 1943M| 12  498    0    2k   0 | 152k  101k
23-07 05:22:01| 23  10  14  53   0|   0    70M| 814M  673M  111M 1943M| 12  588    0    2k   0 | 838k  375k
23-07 05:22:02| 31  13  13  43   0|   0    71M| 816M  670M  111M 1943M| 12  571    0    3k   0 | 573k  478k
23-07 05:22:03| 33  14   9  44   0|   0    77M| 823M  663M  111M 1943M| 12  578    0    3k   0 |1381k  306k
23-07 05:22:04| 34  12  10  44   0|   0    69M| 824M  663M  111M 1944M| 12  511    0    3k   0 |1061k  420k
23-07 05:22:05| 20  11  11  59   0|   0    79M| 824M  662M  111M 1944M| 12  571    0    3k   0 |1459k   82k
23-07 05:22:06| 31  10  11  49   0|   0    74M| 824M  662M  111M 1944M| 12  585    0    3k   0 | 984k  348k
23-07 05:22:07| 19  12   9  59   0|   0    94M| 826M  660M  111M 1944M| 12  685    0    3k   0 | 168k  279k
23-07 05:22:08| 25  12  12  51   0|   0    78M| 833M  653M  111M 1944M| 12  577    0    3k   0 | 228k  329k
23-07 05:22:09| 25  14  11  50   0|   0    73M| 833M  653M  111M 1944M| 12  633    0    3k   0 | 647k  468k
23-07 05:22:10| 24  15   8  54   0|   0    94M| 834M  652M  111M 1944M| 12  694    0    3k   0 | 297k  642k
23-07 05:22:11| 19  11  12  59   0|   0    91M| 836M  650M  111M 1944M| 12  689    0    3k   0 | 153k  276k
23-07 05:22:12| 23  12  11  54   0|   0    83M| 836M  649M  111M 1944M| 12  663    0    4k   1 | 143k  272k
23-07 05:22:13| 28  11  11  51   0|   0    76M| 836M  649M  111M 1944M| 12  602    0    4k   0 | 347k  329k
23-07 05:22:14| 27  15  10  49   0|   0    82M| 836M  649M  111M 1944M| 12  665    0    4k   0 |1050k  308k
23-07 05:22:15| 29  12   9  50   0|   0    90M| 836M  649M  111M 1944M| 12  723    0    4k   0 | 988k  343k
23-07 05:22:16| 39  14   7  39   0|   0    83M| 837M  648M  111M 1944M| 12  668    0    4k   0 |1367k  463k
23-07 05:22:17| 22  16  11  51   0|   0    85M| 837M  648M  111M 1945M| 12  723    0    4k   0 | 278k  459k
23-07 05:22:18| 21  12  10  57   0|   0    97M| 838M  647M  111M 1945M| 12  766    0    4k   0 | 200k  392k
23-07 05:22:19| 23  13  10  54   0|   0    86M| 843M  642M  111M 1945M| 12  668    0    5k   0 |  68k  163k
23-07 05:22:20| 24  10  12  54   0|   0    71M| 843M  642M  111M 1945M| 12  677    0    5k   0 | 170k  305k
23-07 05:22:21| 33  11  10  46   0|   0    73M| 844M  641M  111M 1945M| 12  675    0    5k   0 | 774k  405k
23-07 05:22:22| 35  10  12  43   1|   0    71M| 845M  639M  111M 1945M| 12  690    0    5k   0 |1442k  257k
23-07 05:22:23| 32  17   7  43   0|   0    83M| 846M  638M  111M 1945M| 12  718    0    5k   0 | 583k  446k
23-07 05:22:24| 22  14   9  54   0|   0    91M| 851M  634M  111M 1945M| 12  785    0    5k   0 | 696k  267k
23-07 05:22:25| 27  10  10  53   0|   0    81M| 852M  632M  111M 1945M| 12  702    0    5k  51 | 216k  416k
