----system---- --total-cpu-usage-- -dsk/total- ------memory-usage----- ------tcp-sockets------- -net/total-
     time     |usr sys idl wai stl| read  writ| used  free  buff  cach|lis  act  syn  tim  clo | recv  send
23-07 02:28:43| 23   1  74   2   0|1086k 3649k| 712M  477M  121M 2221M| 10    6    0    9    0 |   0     0 
23-07 02:28:44| 11   6  76   7   0|1920k 8384k| 721M  467M  121M 2222M| 10    7    0    9    0 |7225B 5910B
23-07 02:28:45| 40  18  40   1   0|8192B 6568k| 725M  451M  121M 2232M| 12    7    0    9    0 | 128B 2634B
23-07 02:28:46|  0   0 100   0   0|   0     0 | 725M  451M  121M 2232M| 12    7    0    9    0 | 156B 1548B
23-07 02:28:47|  0   0 100   0   0|   0     0 | 725M  451M  121M 2232M| 12    7    0    9    0 |   0     0 
23-07 02:28:48|  0   0 100   0   0|   0     0 | 725M  451M  121M 2232M| 12    7    0    6    0 |   0     0 
23-07 02:28:49|  0   0 100   0   0|   0     0 | 725M  451M  121M 2232M| 12    6    0    7    0 | 187B  295B
23-07 02:28:50|  0   0  99   0   0|   0    21M| 725M  451M  121M 2232M| 12    6    0    4    0 |  76B   90B
23-07 02:28:51|  0   0  99   0   0|   0   192k| 725M  451M  121M 2232M| 12    6    0    4    0 |   0     0 
23-07 02:28:52|  0   0 100   0   0|   0     0 | 725M  451M  121M 2232M| 12    6    0    4    0 |  46B   54B
23-07 02:28:53|  0   0 100   0   0|   0     0 | 725M  451M  121M 2232M| 12    6    0    4    0 |  46B   54B
23-07 02:28:54|  0   0 100   0   0|   0     0 | 725M  451M  121M 2232M| 12    6    0    4    0 |   0     0 
23-07 02:28:55| 16   2  76   7   0|  61M  496k| 761M  414M  121M 2232M| 12   11    0    4    0 |1144B 6126B
23-07 02:28:56| 42   3  48   8   0| 160M    0 | 841M  334M  121M 2232M| 12   11    0    4    0 |   0     0 
23-07 02:28:57| 27   2  50  21   0|  94M    0 | 889M  287M  121M 2232M| 12   11    0    4    0 |6941B 3583B
23-07 02:28:58| 25   2  49  24   0|  94M    0 | 937M  239M  121M 2232M| 12   11    0    4    0 | 469B 2272B
23-07 02:28:59| 19  18  38  25   0|  55M  157M| 963M  205M  121M 2243M| 12   32    0   11    0 |  27k   69k
23-07 02:29:00| 57  10   3  29   0|1056k   53M| 970M  198M  121M 2244M| 12   37    0   37    0 |  21k   62k
23-07 02:29:01| 51   8   4  38   0|1856k   40M| 974M  193M  121M 2244M| 12   51    0   42    0 |  11k   45k
23-07 02:29:02| 56   6   5  34   0| 640k   35M| 976M  191M  121M 2244M| 12   42    0   57    0 |6312B   33k
23-07 02:29:03| 45   3  12  40   0|3776k   28M| 981M  186M  121M 2244M| 12   40    0   59    0 | 223B 1723B
23-07 02:29:04| 47   2  48   4   0| 256k  100M| 981M  186M  121M 2244M| 12   33    0   60    0 |1004B 2289B
23-07 02:29:05| 10   2  72  17   0|1408k  250M| 983M  184M  121M 2244M| 12   27    0   65    0 |3977B   10k
23-07 02:29:06| 47   3  46   5   0|1344k   14M| 988M  182M  121M 2242M| 12   27    0   65    0 |  52B 1992B
23-07 02:29:07| 46   1  50   3   0|1920k    0 | 988M  182M  121M 2242M| 12   26    0   65    0 | 180B  132B
23-07 02:29:08| 52   3  41   4   0|1632k   19M| 994M  179M  121M 2239M| 12   96    0   76    0 |  51k  132k
23-07 02:29:09| 80  13   2   5   0| 768k   64M|1039M  135M  121M 2237M| 12   95    0   79    0 | 797B 7386B
23-07 02:29:10| 88   8   1   3   0|  96k   61M|1042M  133M  121M 2237M| 12   95    0   88    0 |6649B   26k
23-07 02:29:11| 83  12   2   4   0| 768k   38M|1048M  127M  121M 2237M| 12  117    0  139    2 |  52k  242k
23-07 02:29:12| 87   8   1   4   0|1728k   27M|1049M  125M  121M 2238M| 12  123    0  150    0 |  11k   57k
23-07 02:29:13| 88   7   1   3   0|1984k   37M|1052M  121M  121M 2238M| 12  122    0  168    0 |  13k   38k
23-07 02:29:14| 88   8   1   4   0|1344k   36M|1054M  120M  121M 2238M| 12  110    0  195    0 |8831B   63k
23-07 02:29:15| 84  13   1   3   0|   0    46M|1055M  119M  121M 2238M| 12  160    0  260    0 |  89k  357k
23-07 02:29:16| 91   7   2   1   0| 864k 8840k|1057M  117M  121M 2238M| 12  199    0  287    0 |  43k  162k
23-07 02:29:17| 86   8   0   6   0|2688k   43M|1063M  110M  121M 2238M| 12  214    0  294    0 |7127B   15k
23-07 02:29:18| 86  10   0   4   0|1920k   53M|1070M  104M  121M 2238M| 12  245    0  298    0 |  31k   90k
23-07 02:29:19| 79  14   3   4   1| 512k   42M|1074M 99.5M  121M 2238M| 12  224    0  386    0 |  71k  347k
23-07 02:29:20| 67  10   3  21   0|1536k   33M|1070M  104M  121M 2237M| 12  186    0  439    0 |  52k  244k
23-07 02:29:21| 75   6  12   8   0|1056k 6368k|1071M  103M  121M 2237M| 12  193    0  488    0 |  29k  148k
23-07 02:29:22| 69  10   3  18   0|1536k   33M|1074M 99.5M  121M 2237M| 12  218    0  514    0 |  15k   50k
23-07 02:29:23| 68  10   1  22   0|   0    56M|1074M  112M  121M 2226M| 12  231    0  532    0 |  12k   49k
23-07 02:29:24| 78  13   1   8   0| 960k   31M|1077M  109M  121M 2226M| 12  159    0  576    0 |  13k   82k
23-07 02:29:25| 89   8   2   1   0|   0  2840k|1078M  108M  121M 2226M| 12  143    0  610    0 |  36k  131k
23-07 02:29:26| 87  10   0   3   0|  32k   42M|1080M  105M  121M 2227M| 12  202    0  638    0 |  35k  104k
23-07 02:29:27| 84  12   0   3   0|1024k  105M|1085M  125M  121M 2202M| 12  234    0  657    0 |  24k  108k
23-07 02:29:28| 87   8   1   5   0|1224k   60M|1087M  123M  121M 2202M| 12  232    0  662    0 |3152B 9345B
23-07 02:29:29| 88   8   1   3   0| 992k   36M|1089M  121M  121M 2202M| 12  169    0  705    0 |3774B   60k
23-07 02:29:30| 90   8   0   1   0| 128k   18M|1091M  119M  121M 2202M| 12  157    0  736    1 |6557B   55k
23-07 02:29:31| 91   9   0   0   0| 920k   10M|1091M  119M  121M 2203M| 12  213    0  838    0 | 110k  471k
23-07 02:29:32| 86  10   1   3   0|   0    34M|1092M  117M  121M 2203M| 12  247    0  866    0 |  18k   72k
23-07 02:29:33| 84   9   0   6   0| 416k   48M|1095M  114M  121M 2203M| 12  247    0  882    0 |9351B   24k
23-07 02:29:34| 82  10   2   6   0|2232k   36M|1097M  111M  121M 2203M| 12  255    0  899    0 |5024B   38k
23-07 02:29:35| 84   9   2   5   0| 832k   16M|1098M  111M  121M 2204M| 12  280    0    1k   0 | 132k  539k
23-07 02:29:36| 87  10   1   3   0| 352k   18M|1098M  109M  121M 2204M| 12  273    0    1k   0 |  60k  242k
23-07 02:29:37| 90   8   1   2   0|  32k   20M|1099M  108M  121M 2205M| 12  321    0    1k   0 |8802B   28k
23-07 02:29:38| 86   9   1   4   0| 544k   49M|1101M  106M  121M 2205M| 12  336    0    1k   0 |9156B   13k
23-07 02:29:39| 87   9   0   3   0| 544k   48M|1103M  104M  121M 2205M| 12  347    0    1k   0 |  22k   88k
23-07 02:29:40| 87   9   2   3   0|   0    31M|1105M  101M  121M 2205M| 12  233    0    1k   0 |  21k  108k
23-07 02:29:41| 89   6   1   4   0|   0    35M|1105M  101M  121M 2206M| 12  190    0    1k   2 |7915B   43k
23-07 02:29:42| 87   8   0   5   0|   0    32M|1105M  101M  121M 2206M| 12  253    0    1k   0 |  32k  123k
23-07 02:29:43| 88  10   1   2   0|   0    52M|1105M  101M  121M 2206M| 12  284    0    1k   0 |5387B   18k
23-07 02:29:44| 86  11   1   3   0|   0    47M|1109M  123M  121M 2180M| 12  271    0    1k   0 |8777B   46k
23-07 02:29:45| 87  10   2   2   0|  32k   21M|1112M  121M  121M 2180M| 12  275    0    1k   0 |  33k  157k
23-07 02:29:46| 84  12   1   3   0|   0    39M|1112M  120M  121M 2180M| 12  180    0    1k   0 |9094B  108k
23-07 02:29:47| 84  12   2   3   0|   0    28M|1115M  117M  121M 2181M| 12  188    0    1k   0 |  44k  252k
23-07 02:29:48| 78   9   4   9   0|  64k   24M|1115M  117M  121M 2181M| 12  255    0    2k   0 |  46k  178k
23-07 02:29:49| 59   9   3  29   0|  32k   57M|1118M  113M  121M 2182M| 12  314    0    2k   0 |7001B   39k
23-07 02:29:50| 84   9   2   6   0| 488k   44M|1121M  109M  121M 2182M| 12  314    0    2k   0 |  48k  151k
23-07 02:29:51| 80  10   3   8   0| 960k   32M|1122M  108M  121M 2182M| 12  285    0    2k   0 |  41k  210k
23-07 02:29:52| 74  10   5  11   0| 576k   15M|1122M  108M  121M 2183M| 12  272    0    2k   0 |  65k  306k
23-07 02:29:53| 76  12   3  10   0|1120k   37M|1124M  105M  121M 2184M| 12  341    0    2k   0 |  38k  146k
23-07 02:29:54| 87  10   0   3   0|   0    59M|1126M  103M  121M 2184M| 12  368    0    2k   0 |9415B   26k
23-07 02:29:55| 85  10   0   4   0| 512k   62M|1126M  103M  121M 2184M| 12  373    0    2k   0 |4109B   15k
23-07 02:29:56| 88   8   1   3   0| 640k   41M|1128M  101M  121M 2184M| 12  329    0    2k   1 |  31k  163k
23-07 02:29:57| 86   9   1   3   0|1984k   28M|1128M  101M  121M 2184M| 12  223    0    2k   0 |  15k   89k
