----system---- --total-cpu-usage-- -dsk/total- ------memory-usage----- ------tcp-sockets------- -net/total-
     time     |usr sys idl wai stl| read  writ| used  free  buff  cach|lis  act  syn  tim  clo | recv  send
23-07 03:27:40|  2   0  97   1   0| 763k  885k| 704M  677M  104M 2110M| 10    5    0   19    1 |   0     0 
23-07 03:27:41|  4   6  88   2   0| 224k 1728k| 705M  676M  104M 2110M| 10    7    0   19    1 |  11k 2629B
23-07 03:27:42| 17   9  60  13   0|4656k 7000k| 709M  668M  104M 2112M| 10    7    0   19    1 |6765B 3402B
23-07 03:27:43| 24   8  50  18   0|6424k 4968k| 711M  652M  104M 2126M| 12    7    0   19    1 |   0     0 
23-07 03:27:44|  0   0 100   0   0|   0     0 | 711M  652M  104M 2126M| 12    7    0   19    1 |  52B   66B
23-07 03:27:45|  0   0 100   0   0|   0     0 | 711M  652M  104M 2126M| 12    7    0   19    1 |   0     0 
23-07 03:27:46| 12   2  78   9   0|  51M  264k| 746M  617M  104M 2126M| 12    7    0   20    1 |2033B 4458B
23-07 03:27:47| 39   3  47  11   0| 164M   21M| 829M  534M  104M 2126M| 12    6    0   21    1 | 135B  295B
23-07 03:27:48| 22   3  54  22   0|  94M  152k| 876M  487M  104M 2126M| 12    6    0   21    1 |   0     0 
23-07 03:27:49| 24   1  53  23   0|  94M    0 | 923M  439M  104M 2126M| 12    6    0   21    1 |   0     0 
23-07 03:27:50| 19   2  61  19   0|  57M 1144k| 953M  409M  104M 2127M| 12    6    0   21    1 |1221B 1302B
23-07 03:27:51|  6   2  59  34   0|  10M   16M| 959M  402M  104M 2127M| 12    9    0   21    1 |  49k  187k
23-07 03:27:52|  8   2  66  24   0|  12M  776k| 966M  395M  104M 2127M| 12   11    0   21    1 |  66k  248k
23-07 03:27:53|  2   0  98   1   0|   0   200k| 966M  395M  104M 2128M| 12   11    0   21    1 |  26k   25k
23-07 03:27:54|  0   0  99   0   0|   0   312k| 966M  395M  105M 2128M| 12   11    0   21    1 | 565B  985B
23-07 03:27:55|  0   0 100   0   0|   0    40k| 966M  395M  105M 2128M| 12   11    0   21    1 |   0     0 
23-07 03:27:56|  1   1  92   7   0|3168k   48k| 968M  393M  105M 2128M| 12   11    0   21    1 |5098B   56k
23-07 03:27:57| 10   3  56  32   0|  13M   23M|1010M  351M  105M 2128M| 12   21    0   21    1 |  55k  298k
23-07 03:27:58| 14   2  62  22   0|  12M  680k|1017M  343M  105M 2128M| 12   21    0   21    1 |  76k  323k
23-07 03:27:59| 12   2  57  29   0|  15M  568k|1025M  335M  105M 2129M| 12   21    0   21    1 |  90k  344k
23-07 03:28:00|  6   0  66  28   0|  14M  800k|1032M  327M  105M 2129M| 12   21    0   21    1 |  23k  224k
23-07 03:28:01|  8   0  67  24   0|  12M   96k|1038M  322M  105M 2129M| 12   21    0   21    1 |  41k  274k
23-07 03:28:02|  9   1  66  25   0|  13M  336k|1044M  315M  105M 2129M| 12   21    0   21    1 |  40k  231k
23-07 03:28:03| 10   2  64  24   0|  10M  456k|1050M  308M  105M 2130M| 12   21    0   21    1 |  86k  242k
23-07 03:28:04| 11   2  59  28   0|  15M 1144k|1057M  301M  105M 2130M| 12   21    0   21    1 |  59k  287k
23-07 03:28:05| 20   0  67  14   0|7136k   48k|1061M  297M  105M 2130M| 12   21    0   21    1 |  69k  673k
23-07 03:28:06| 15   1  59  24   0|9152k   15M|1065M  292M  105M 2131M| 12   21    0   21    1 |  68k  434k
23-07 03:28:07|  8   1  69  23   0|  11M  312k|1071M  286M  105M 2131M| 12   21    0   21    1 |  71k  252k
23-07 03:28:08|  6   1  72  22   0|  11M  880k|1077M  280M  105M 2131M| 12   21    0   21    1 |  29k  222k
23-07 03:28:09|  8   0  70  22   0|  11M  168k|1082M  275M  105M 2131M| 12   21    0   21    1 |  27k  260k
23-07 03:28:10|  5   2  92   2   0|   0  3296k|1082M  275M  105M 2131M| 12   21    0   21    1 |  34k  159k
23-07 03:28:11| 13   3  82   1   0|   0  3136k|1082M  274M  105M 2132M| 12   21    0   21    1 | 126k  244k
23-07 03:28:12| 14   2  83   2   0|  32k 3672k|1082M  273M  105M 2132M| 12   21    0   21    1 |  78k  468k
23-07 03:28:13|  1   1  97   2   0|   0  2632k|1083M  273M  105M 2132M| 12   21    0   21    1 |  17k   22k
23-07 03:28:14|  2   1  96   2   0|  32k 2152k|1082M  273M  105M 2133M| 12   21    0   21    1 |  27k   33k
23-07 03:28:15|  3   1  95   2   0|   0  1992k|1083M  273M  105M 2133M| 12   21    0   21    1 |  53k   73k
23-07 03:28:16|  0   0  98   1   0|   0  1960k|1083M  273M  105M 2133M| 12   21    0   21    1 |7054B   18k
23-07 03:28:17|  1   1  97   1   0|   0  1528k|1082M  273M  105M 2133M| 12   21    0   21    1 |  18k   30k
23-07 03:28:18|  8   1  87   4   0|1184k 1624k|1083M  272M  105M 2133M| 12   21    0   21    1 |  56k  281k
23-07 03:28:19|  9   1  73  17   0|8512k 7096k|1087M  267M  105M 2134M| 12   21    0   21    1 |  83k  398k
23-07 03:28:20| 14   1  66  19   0|9760k 1264k|1092M  262M  105M 2134M| 12   21    0   21    1 |  46k  499k
23-07 03:28:21|  6   1  79  15   0|7424k 1104k|1096M  258M  105M 2134M| 12   22    0   21    1 |  34k  225k
23-07 03:28:22|  9   0  71  20   0|  10M 1056k|1101M  253M  105M 2134M| 12   22    0   21    1 |  29k  198k
23-07 03:28:23|  7   1  77  15   0|7392k  920k|1104M  249M  105M 2134M| 12   22    0   21    1 |  55k  216k
23-07 03:28:24|  7   1  68  24   0|  12M 1080k|1111M  243M  105M 2134M| 12   22    0   21    1 |  13k  223k
23-07 03:28:25|  8   1  73  19   0|9664k  832k|1115M  238M  105M 2135M| 12   22    0   21    1 |  35k  188k
23-07 03:28:26|  4   1  80  15   0|7648k  928k|1119M  234M  105M 2135M| 12   22    0   21    1 |  40k  211k
23-07 03:28:27| 15   2  66  17   0|8960k 1008k|1124M  229M  105M 2135M| 12   22    0   21    1 |  81k  497k
23-07 03:28:28| 19   2  71   8   0|5280k  536k|1126M  226M  105M 2136M| 12   22    0   21    1 |  84k  449k
23-07 03:28:29| 15   2  60  23   0|  14M 1400k|1133M  219M  105M 2136M| 12   22    0   21    1 |  58k  294k
23-07 03:28:30|  6   0  76  18   0|9248k  776k|1138M  214M  105M 2136M| 12   22    0   20    1 |  50k  232k
23-07 03:28:31| 16   1  60  23   0|  12M  736k|1144M  207M  105M 2137M| 12   22    0   20    1 |  59k  290k
23-07 03:28:32|  7   0  66  28   0|  14M  520k|1151M  200M  105M 2137M| 12   22    0   20    1 |7951B  236k
23-07 03:28:33|  5   0  73  22   0|8032k  320k|1155M  196M  105M 2137M| 12   22    0   20    1 |7902B  169k
23-07 03:28:34| 14   2  84   1   0|   0   568k|1155M  195M  105M 2137M| 12   22    0   20    1 | 110k  371k
23-07 03:28:35| 16   1  82   1   0|  32k 1136k|1155M  195M  105M 2138M| 12   22    0   20    1 |  92k  507k
23-07 03:28:36| 13   2  84   0   0|   0   576k|1155M  194M  105M 2138M| 12   22    0   20    1 |  77k  345k
23-07 03:28:37| 11   1  88   1   0|  32k  704k|1156M  194M  105M 2138M| 12   22    0   20    1 |  54k  365k
23-07 03:28:38|  4   1  94   1   0|   0   432k|1156M  194M  105M 2138M| 12   22    0   20    1 |  45k  241k
23-07 03:28:39|  4   0  96   1   0|   0   504k|1156M  194M  105M 2138M| 12   22    0   20    1 |  44k  118k
23-07 03:28:40|  5   1  94   1   0|   0   640k|1156M  193M  105M 2139M| 12   22    0   20    1 |  61k  126k
23-07 03:28:41|  2   0  96   1   0|   0  2640k|1156M  193M  105M 2139M| 12   22    0    2    1 |  23k   49k
23-07 03:28:42| 10   1  87   1   0|   0  2432k|1156M  193M  105M 2139M| 12   22    0    2    1 |  79k  270k
23-07 03:28:43|  7   0  91   1   0|   0  2192k|1156M  193M  105M 2139M| 12   22    0    2    1 |  25k  227k
23-07 03:28:44| 10   1  88   2   0|   0  1936k|1156M  192M  105M 2140M| 12   22    0    2    1 |  44k  347k
23-07 03:28:45|  7   0  91   1   0|  32k 1640k|1156M  192M  105M 2140M| 12   22    0    2    1 |  41k  279k
23-07 03:28:46| 13   2  85   1   0|   0  1552k|1156M  192M  105M 2140M| 12   22    0    2    1 | 104k  389k
23-07 03:28:47| 11   1  87   1   1|   0  2008k|1156M  191M  105M 2140M| 12   22    0    1    1 |  96k  372k
23-07 03:28:48|  6   1  92   1   0|   0  1496k|1156M  191M  105M 2140M| 12   22    0    1    1 |  20k  278k
23-07 03:28:49|  6   0  92   1   0|   0  1104k|1156M  191M  105M 2141M| 12   22    0    0    1 |  33k  174k
23-07 03:28:50|  6   1  92   1   0|   0  7576k|1156M  191M  105M 2141M| 12   22    0    0    1 |  33k  213k
23-07 03:28:51|  4   1  95   1   0|  32k  960k|1156M  190M  105M 2141M| 12   22    1    0    1 |  35k  165k
23-07 03:28:52| 10   2  87   1   0|   0  1120k|1156M  190M  106M 2141M| 12   22    0    0    1 | 109k  205k
23-07 03:28:53|  7   1  90   2   0|   0  3936k|1156M  190M  106M 2141M| 12   22    0    0    1 |  36k  308k
23-07 03:28:54|  6   0  92   1   0|   0   720k|1156M  190M  106M 2142M| 12   22    0    0    1 |  39k  232k
