----system---- --total-cpu-usage-- -dsk/total- ------memory-usage----- ------tcp-sockets------- -net/total-
     time     |usr sys idl wai stl| read  writ| used  free  buff  cach|lis  act  syn  tim  clo | recv  send
23-07 04:12:58|  2   0  97   1   0| 749k  873k| 768M  501M  110M 2210M| 10    6    0   17    0 |   0     0 
23-07 04:12:59| 54   8  36   1   0| 352k 2016k| 740M  608M  111M 2132M| 10    7    1   17    0 |7191B 2058B
23-07 04:13:00| 45   9  33  13   0|1768k  107M| 753M  515M  111M 2211M| 10    8    0   17    0 |  11k 4217B
23-07 04:13:01| 56  12  22  10   0|2888k   61M| 781M  471M  111M 2225M| 10    8    0   17    0 |  52B   66B
23-07 04:13:02|  6   5  89   1   0|2072k  296k| 722M  531M  111M 2224M| 12    7    0   17    1 |  83B  229B
23-07 04:13:03|  0   0  99   0   0|   0     0 | 722M  531M  111M 2224M| 12    7    0   18    0 |  52B   66B
23-07 04:13:04| 25   4  61  10   0| 105M  360k| 783M  470M  111M 2224M| 12    8    0   18    0 |1870B 4121B
23-07 04:13:05| 34   2  49  15   0| 139M   40k| 853M  400M  111M 2224M| 12    7    0   19    0 | 239B  295B
23-07 04:13:06| 23   2  50  25   0|  93M   21M| 901M  352M  111M 2224M| 12    7    0   19    0 |   0     0 
23-07 04:13:07| 22   2  53  23   0|  94M 8192B| 948M  305M  111M 2224M| 12    7    0   19    0 |  46B   54B
23-07 04:13:08|  9   2  73  17   0|  26M 6832k| 962M  291M  111M 2224M| 12   10    0   19    0 |  22k   84k
23-07 04:13:09|  9   2  63  26   0|  12M 8608k| 968M  285M  111M 2224M| 12   10    0   19    0 |  60k  227k
23-07 04:13:10|  5   2  80  14   0|7072k  368k| 971M  281M  111M 2225M| 12   12    0   19    0 |  33k  130k
23-07 04:13:11|  2   0  97   0   0|   0   312k| 971M  281M  111M 2225M| 12   12    0   19    0 |  25k   25k
23-07 04:13:12|  0   0 100   0   0|   0    48k| 971M  281M  111M 2225M| 12   12    0   19    0 | 567B 1001B
23-07 04:13:13|  0   0 100   0   0|   0     0 | 971M  281M  111M 2225M| 12   12    0   19    0 |   0     0 
23-07 04:13:14|  4   1  75  21   0|9472k 6848k| 976M  276M  111M 2225M| 12   12    0   19    0 |  18k  153k
23-07 04:13:15| 13   2  58  27   0|  12M 7968k|1019M  233M  111M 2225M| 12   19    0   19    0 |  62k  352k
23-07 04:13:16| 13   1  47  39   0|  22M  488k|1030M  222M  111M 2225M| 12   19    0   19    0 |  53k  420k
23-07 04:13:17| 13   3  52  32   0|  18M  688k|1039M  212M  111M 2226M| 12   19    0   19    0 |  85k  340k
23-07 04:13:18|  9   2  65  25   0|  13M  560k|1046M  205M  111M 2226M| 12   19    0   19    0 |  75k  290k
23-07 04:13:19|  7   1  66  26   0|  13M  240k|1052M  198M  111M 2226M| 12   19    0   19    0 |  28k  222k
23-07 04:13:20| 11   2  78  10   0|4800k  592k|1055M  195M  111M 2227M| 12   19    0   19    0 |  82k  371k
23-07 04:13:21| 10   1  64  25   0|  13M  200k|1062M  188M  111M 2227M| 12   19    0   19    0 |  40k  310k
23-07 04:13:22|  9   1  66  24   0|  12M  384k|1068M  182M  111M 2227M| 12   19    0   19    0 |  71k  260k
23-07 04:13:23|  8   1  66  25   0|  13M  280k|1074M  175M  111M 2227M| 12   19    0   19    0 |  35k  321k
23-07 04:13:24| 18   1  59  22   0|  11M  296k|1080M  169M  111M 2228M| 12   19    0   19    0 |  66k  623k
23-07 04:13:25| 11   2  66  22   0|  11M  440k|1086M  163M  111M 2228M| 12   19    0   19    0 |  62k  323k
23-07 04:13:26| 14   2  66  18   0|9504k  960k|1091M  158M  111M 2228M| 12   19    0   19    0 |  75k  356k
23-07 04:13:27|  9   1  86   3   0|  32k 5432k|1091M  157M  111M 2229M| 12   19    0   19    0 |  95k  139k
23-07 04:13:28|  1   1  95   3   0|  32k 4336k|1091M  157M  111M 2229M| 12   19    0   19    0 |  15k   20k
23-07 04:13:29|  2   0  95   2   0|   0  3848k|1091M  157M  111M 2229M| 12   19    0   19    0 |  17k   26k
23-07 04:13:30|  1   1  96   2   0|   0  3384k|1091M  157M  111M 2229M| 12   19    0   19    0 |  21k   60k
23-07 04:13:31| 18   1  73   8   0|3968k 3952k|1093M  154M  111M 2229M| 12   19    0   19    0 |  86k  628k
23-07 04:13:32| 14   2  65  20   0|  10M 3336k|1098M  149M  111M 2230M| 12   19    0   19    0 |  76k  383k
23-07 04:13:33|  8   2  65  26   0|  13M 2704k|1104M  142M  111M 2230M| 12   19    0   19    0 |  39k  263k
23-07 04:13:34|  6   2  67  24   0|  12M 2256k|1110M  136M  111M 2230M| 12   19    0   19    0 |  41k  258k
23-07 04:13:35| 18   2  60  20   0|  10M 2712k|1116M  130M  111M 2231M| 12   19    0   19    0 |  78k  221k
23-07 04:13:36| 10   1  67  22   0|  11M 2272k|1121M  125M  111M 2231M| 12   19    0   19    0 |  69k  281k
23-07 04:13:37|  9   1  65  25   0|  13M 1608k|1127M  118M  111M 2231M| 12   19    0   19    0 |  40k  304k
23-07 04:13:38| 14   1  65  19   0|9472k 1520k|1132M  113M  111M 2231M| 12   19    0   19    0 |  42k  551k
23-07 04:13:39| 10   0  66  24   0|  13M 7640k|1139M  106M  111M 2231M| 12   19    0   19    0 |  30k  330k
23-07 04:13:40|  6   1  75  19   0|9088k 1280k|1143M  102M  111M 2232M| 12   19    0   19    0 |  25k  201k
23-07 04:13:41| 10   3  67  21   0|  11M 1328k|1150M  106M  111M 2221M| 12   20    0   19    0 |  81k  293k
23-07 04:13:42|  7   0  73  20   0|  10M 1112k|1152M  103M  111M 2221M| 12   20    0   19    0 |  18k  210k
23-07 04:13:43|  7   1  63  29   0|  15M  928k|1156M  127M  111M 2193M| 12   20    0   19    0 |  20k  279k
23-07 04:13:44| 12   3  85   1   0|  64k 1480k|1156M  127M  111M 2194M| 12   23    0   19    0 | 109k  310k
23-07 04:13:45| 17   1  80   1   0|   0  1088k|1156M  126M  111M 2194M| 12   23    0   19    0 |  82k  493k
23-07 04:13:46| 22   4  74   0   0| 160k 1608k|1156M  126M  111M 2195M| 12   23    0   19    0 | 155k  572k
23-07 04:13:47| 11   3  86   1   0|  32k 1944k|1156M  125M  111M 2196M| 12   23    0   19    0 | 117k  188k
23-07 04:13:48| 12   1  87   1   0|  32k  456k|1155M  125M  111M 2196M| 12   23    0   19    0 |  44k  522k
23-07 04:13:49|  6   1  89   4   0|   0  6496k|1156M  125M  111M 2196M| 12   23    0   19    0 |  33k  228k
23-07 04:13:50|  9   0  86   6   0|   0  9016k|1155M  125M  111M 2196M| 12   23    0   19    0 |  51k  321k
23-07 04:13:51| 10   1  89   1   0|  32k 1056k|1156M  124M  111M 2197M| 12   23    0   19    0 | 102k  294k
23-07 04:13:52|  9   1  90   1   0|   0  1024k|1156M  124M  111M 2197M| 12   23    0   19    0 |  52k  336k
23-07 04:13:53|  7   1  92   1   0|   0   520k|1156M  124M  111M 2197M| 12   23    0   19    0 |  33k  297k
23-07 04:13:54| 12   0  87   1   0|   0   528k|1156M  124M  111M 2197M| 12   22    0   19    0 |  38k  448k
23-07 04:13:55| 10   0  88   1   0|   0   576k|1156M  123M  111M 2198M| 12   23    0   19    0 |  50k  341k
23-07 04:13:56| 10   1  88   1   0|  32k  880k|1156M  123M  111M 2198M| 12   23    0   19    0 |  77k  284k
23-07 04:13:57|  8   3  89   1   0|  32k 1552k|1156M  122M  111M 2199M| 12   23    0   19    0 | 108k  208k
23-07 04:13:58|  1   0  98   1   0|   0   672k|1156M  122M  111M 2199M| 12   23    0   17    0 |  16k   38k
23-07 04:13:59| 11   0  88   1   0|   0   816k|1157M  121M  111M 2199M| 12   23    0   17    0 |  51k  398k
23-07 04:14:00|  3   2  95   0   0|  32k  832k|1157M  121M  111M 2199M| 12   23    0    2    0 |  48k  104k
23-07 04:14:01|  3   1  96   1   0|   0  1000k|1157M  120M  111M 2199M| 12   23    0    2    0 |  59k   83k
23-07 04:14:02| 14   3  80   3   0|   0  5416k|1157M  119M  111M 2201M| 12   23    0    2    0 | 167k  169k
23-07 04:14:03|  1   0  98   1   0|   0   616k|1157M  119M  111M 2201M| 12   23    0    2    0 |  10k   24k
23-07 04:14:04|  5   1  94   1   0|   0   800k|1157M  119M  111M 2201M| 12   23    0    1    0 |  52k  174k
23-07 04:14:05|  8   1  89   2   0|  32k 2864k|1157M  119M  111M 2201M| 12   23    0    1    0 |  76k  275k
23-07 04:14:06|  9   1  89   2   0|   0  2384k|1157M  118M  111M 2201M| 12   23    0    0    0 |  39k  323k
23-07 04:14:07|  8   1  89   1   0|  32k 2624k|1157M  118M  111M 2202M| 12   23    0    0    0 |  86k  193k
23-07 04:14:08|  2   0  97   1   0|   0  1824k|1157M  118M  111M 2202M| 12   23    0    0    0 |  20k   39k
23-07 04:14:09|  1   1  97   2   0|   0  9480k|1157M  118M  111M 2202M| 12   23    0    0    0 |  17k   32k
23-07 04:14:10|  3   1  94   2   0|   0  1880k|1157M  117M  111M 2202M| 12   23    0    0    0 |  51k   70k
23-07 04:14:11|  1   0  98   1   0|   0  1320k|1157M  117M  111M 2202M| 12   23    0    0    0 |7905B   19k
23-07 04:14:12|  2   1  97   1   0|   0  1376k|1157M  117M  111M 2202M| 12   23    0    0    0 |  44k   86k
